<?xml version="1.0" encoding="utf-8"?>
<TestRun id="95bd2a23-bfb4-487b-9170-e92a76c8672a" name="@fcbf8f2d9f83 2025-04-22 15:20:17" xmlns="http://microsoft.com/schemas/VisualStudio/TeamTest/2010">
  <Times creation="2025-04-22T15:20:17.9339487+00:00" queuing="2025-04-22T15:20:17.9339488+00:00" start="2025-04-22T15:20:16.3395511+00:00" finish="2025-04-22T15:20:18.0814937+00:00" />
  <TestSettings name="default" id="7e8f44a2-d2b8-485d-8f9a-cca47d8ced93">
    <Deployment runDeploymentRoot="_fcbf8f2d9f83_2025-04-22_15_20_17" />
  </TestSettings>
  <Results>
    <UnitTestResult executionId="c2fa31b7-db1b-4d47-aebb-cdfd30b8a7e9" testId="c0d64e6d-9f80-2cd9-bb3b-16fa96faa017" testName="Servicos.CalculoImposto.Application.Tests.UseCases.PegarTodos.PegarTodosQueryValidatorTests.Validador_DeveAceitarStatusNulo" computerName="fcbf8f2d9f83" duration="00:00:00.0087868" startTime="2025-04-22T15:20:17.9304010+00:00" endTime="2025-04-22T15:20:17.9337385+00:00" testType="13cdc9d9-ddb5-4fa4-a97d-d965ccfc6d4b" outcome="Passed" testListId="8c84fa94-04c1-424b-9868-57a2d4851a1d" relativeResultsDirectory="c2fa31b7-db1b-4d47-aebb-cdfd30b8a7e9" />
    <UnitTestResult executionId="196256e9-e94b-47d7-acbd-b2e94de33fd3" testId="51cbf259-5f12-a648-86a8-0d33d46157c4" testName="Servicos.CalculoImposto.Application.Tests.UseCases.CalcularImpostos.CalcularImpostoCommandValidatorTests.Validador_DeveTerErrosParaTodosCamposInvalidos" computerName="fcbf8f2d9f83" duration="00:00:00.0103199" startTime="2025-04-22T15:20:17.9367863+00:00" endTime="2025-04-22T15:20:17.9476035+00:00" testType="13cdc9d9-ddb5-4fa4-a97d-d965ccfc6d4b" outcome="Passed" testListId="8c84fa94-04c1-424b-9868-57a2d4851a1d" relativeResultsDirectory="196256e9-e94b-47d7-acbd-b2e94de33fd3" />
    <UnitTestResult executionId="bca6ca02-b3a2-4b27-8134-e5b8212167b6" testId="58cf8dac-6aa8-5d18-0f16-ddf5870fd985" testName="Servicos.CalculoImposto.Core.Tests.Events.PedidoTributadoSalvoEventTests.Constructor_ComItensNulos_DeveLancarException" computerName="fcbf8f2d9f83" duration="00:00:00.0030328" startTime="2025-04-22T15:20:17.9637355+00:00" endTime="2025-04-22T15:20:17.9667376+00:00" testType="13cdc9d9-ddb5-4fa4-a97d-d965ccfc6d4b" outcome="Passed" testListId="8c84fa94-04c1-424b-9868-57a2d4851a1d" relativeResultsDirectory="bca6ca02-b3a2-4b27-8134-e5b8212167b6" />
    <UnitTestResult executionId="e384cce0-b3e0-4e12-ab0c-c50209514a74" testId="0c6ba4e8-fc45-a54e-a7f1-e40292639f45" testName="Servicos.CalculoImposto.Infra.Tests.Services.CacheServiceTests.Pegar_DeveRetornarValor_QuandoChaveExiste" computerName="fcbf8f2d9f83" duration="00:00:00.0020226" startTime="2025-04-22T15:20:17.9735561+00:00" endTime="2025-04-22T15:20:17.9754656+00:00" testType="13cdc9d9-ddb5-4fa4-a97d-d965ccfc6d4b" outcome="Passed" testListId="8c84fa94-04c1-424b-9868-57a2d4851a1d" relativeResultsDirectory="e384cce0-b3e0-4e12-ab0c-c50209514a74" />
    <UnitTestResult executionId="a8f49000-3a6c-4ca3-824d-aa9efb475290" testId="15b81325-c893-9ca2-056b-0e4501b91ac6" testName="Servicos.CalculoImposto.Application.Tests.UseCases.PegarTodos.PegarTodosHandlerTests.Handle_DevePassarParametrosCorretosParaORepositorio" computerName="fcbf8f2d9f83" duration="00:00:00.0035712" startTime="2025-04-22T15:20:17.9820669+00:00" endTime="2025-04-22T15:20:17.9928714+00:00" testType="13cdc9d9-ddb5-4fa4-a97d-d965ccfc6d4b" outcome="Passed" testListId="8c84fa94-04c1-424b-9868-57a2d4851a1d" relativeResultsDirectory="a8f49000-3a6c-4ca3-824d-aa9efb475290" />
    <UnitTestResult executionId="f3a29c44-6524-4d71-96ba-5c4935d5b8e1" testId="9b00a823-0d2f-e55d-d763-1444214bb9ce" testName="Servicos.CalculoImposto.Application.Tests.UseCases.PegarPeloPedidoId.PegarPeloPedidoIdQueryBehaviorTests.Handle_QuandoRespostaEhSucesso_DeveInserirNoCache" computerName="fcbf8f2d9f83" duration="00:00:00.0300684" startTime="2025-04-22T15:20:17.9507546+00:00" endTime="2025-04-22T15:20:17.9821860+00:00" testType="13cdc9d9-ddb5-4fa4-a97d-d965ccfc6d4b" outcome="Passed" testListId="8c84fa94-04c1-424b-9868-57a2d4851a1d" relativeResultsDirectory="f3a29c44-6524-4d71-96ba-5c4935d5b8e1" />
    <UnitTestResult executionId="b8fd7892-140a-4b22-aaa7-2f7b248e1061" testId="cf197623-e344-5d4f-ddec-6de800fedafc" testName="Servicos.CalculoImposto.Application.Tests.UseCases.CalcularImpostos.CalcularImpostoResponseTests.Propriedades_DevemSerModificaveis" computerName="fcbf8f2d9f83" duration="00:00:00.0011885" startTime="2025-04-22T15:20:17.9555641+00:00" endTime="2025-04-22T15:20:17.9567335+00:00" testType="13cdc9d9-ddb5-4fa4-a97d-d965ccfc6d4b" outcome="Passed" testListId="8c84fa94-04c1-424b-9868-57a2d4851a1d" relativeResultsDirectory="b8fd7892-140a-4b22-aaa7-2f7b248e1061" />
    <UnitTestResult executionId="a442d056-6eca-4d6c-b5ec-1801b9c069f4" testId="2afc11bc-45d3-0a23-70ab-6ec2355f760f" testName="Servicos.CalculoImposto.Application.Tests.UseCases.PegarTodos.PegarTodosQueryTests.Record_DeveTerIgualdadePorValor" computerName="fcbf8f2d9f83" duration="00:00:00.6183105" startTime="2025-04-22T15:20:17.2995996+00:00" endTime="2025-04-22T15:20:17.9078618+00:00" testType="13cdc9d9-ddb5-4fa4-a97d-d965ccfc6d4b" outcome="Passed" testListId="8c84fa94-04c1-424b-9868-57a2d4851a1d" relativeResultsDirectory="a442d056-6eca-4d6c-b5ec-1801b9c069f4" />
    <UnitTestResult executionId="19b17c86-d6fe-404b-9c21-ce01dd233736" testId="80a4761d-f73c-cdb8-2b04-7e992c21d87f" testName="Servicos.CalculoImposto.Core.Tests.Events.PedidoTributadoSalvoEventTests.Constructor_ComClienteIdInvalido_DeveLancarException(idInvalido: 0)" computerName="fcbf8f2d9f83" duration="00:00:00.0030883" startTime="2025-04-22T15:20:17.9311842+00:00" endTime="2025-04-22T15:20:17.9333840+00:00" testType="13cdc9d9-ddb5-4fa4-a97d-d965ccfc6d4b" outcome="Passed" testListId="8c84fa94-04c1-424b-9868-57a2d4851a1d" relativeResultsDirectory="19b17c86-d6fe-404b-9c21-ce01dd233736" />
    <UnitTestResult executionId="9f9c0eb5-824d-4d8c-8cc0-80240ae9d130" testId="e9dcf8b4-c17a-8d4d-f26b-c580b2e1ac3d" testName="Servicos.CalculoImposto.Application.Tests.UseCases.PegarTodos.PegarTodosHandlerTests.Handle_DevePassarStatusNulo_QuandoNaoEspecificado" computerName="fcbf8f2d9f83" duration="00:00:00.0487379" startTime="2025-04-22T15:20:17.9320552+00:00" endTime="2025-04-22T15:20:17.9817578+00:00" testType="13cdc9d9-ddb5-4fa4-a97d-d965ccfc6d4b" outcome="Passed" testListId="8c84fa94-04c1-424b-9868-57a2d4851a1d" relativeResultsDirectory="9f9c0eb5-824d-4d8c-8cc0-80240ae9d130" />
    <UnitTestResult executionId="8f32b0bc-e816-488e-997e-9cea886d6241" testId="60af9b57-9bcf-7431-7746-28aedd671e1c" testName="Servicos.CalculoImposto.Application.Tests.UseCases.PegarTodos.PegarTodosQueryValidatorTests.Validador_DeveRetornarMultiplosErros_QuandoMultiplosCamposInvalidos" computerName="fcbf8f2d9f83" duration="00:00:00.0088963" startTime="2025-04-22T15:20:17.9475090+00:00" endTime="2025-04-22T15:20:17.9477433+00:00" testType="13cdc9d9-ddb5-4fa4-a97d-d965ccfc6d4b" outcome="Passed" testListId="8c84fa94-04c1-424b-9868-57a2d4851a1d" relativeResultsDirectory="8f32b0bc-e816-488e-997e-9cea886d6241" />
    <UnitTestResult executionId="f2ecd746-3c60-463a-95b6-30eddb440efb" testId="a0c7ad27-17f6-3a3a-d17a-2054634e6deb" testName="Servicos.CalculoImposto.Application.Tests.UseCases.CalcularImpostos.CalcularImpostoCommandTests.CalcularValorTotal_ComItensValidos_DeveRetornarSomaCorreta" computerName="fcbf8f2d9f83" duration="00:00:00.0028682" startTime="2025-04-22T15:20:17.9943684+00:00" endTime="2025-04-22T15:20:17.9956526+00:00" testType="13cdc9d9-ddb5-4fa4-a97d-d965ccfc6d4b" outcome="Passed" testListId="8c84fa94-04c1-424b-9868-57a2d4851a1d" relativeResultsDirectory="f2ecd746-3c60-463a-95b6-30eddb440efb" />
    <UnitTestResult executionId="e025399d-9aab-4e90-a339-b0334cb1c607" testId="ae2bdd91-1e38-832f-b770-9a26f2c27698" testName="Servicos.CalculoImposto.Application.Tests.UseCases.PegarTodos.PegarTodosQueryValidatorTests.Validador_DeveAceitarItensPorPaginaValidos(itensValidos: 1)" computerName="fcbf8f2d9f83" duration="00:00:00.0001234" startTime="2025-04-22T15:20:17.9388950+00:00" endTime="2025-04-22T15:20:17.9390205+00:00" testType="13cdc9d9-ddb5-4fa4-a97d-d965ccfc6d4b" outcome="Passed" testListId="8c84fa94-04c1-424b-9868-57a2d4851a1d" relativeResultsDirectory="e025399d-9aab-4e90-a339-b0334cb1c607" />
    <UnitTestResult executionId="9a27dc05-6c50-4236-a760-bfe210a60272" testId="99629454-5337-3b33-9b14-82efc7486716" testName="Servicos.CalculoImposto.Application.Tests.UseCases.PegarPeloPedidoId.PegarPeloProdutoIdQueryValidatorTests.Validador_DevePassar_QuandoPedidoIdForValido(pedidoId: 2147483647)" computerName="fcbf8f2d9f83" duration="00:00:00.0000162" startTime="2025-04-22T15:20:17.9390049+00:00" endTime="2025-04-22T15:20:17.9463384+00:00" testType="13cdc9d9-ddb5-4fa4-a97d-d965ccfc6d4b" outcome="Passed" testListId="8c84fa94-04c1-424b-9868-57a2d4851a1d" relativeResultsDirectory="9a27dc05-6c50-4236-a760-bfe210a60272" />
    <UnitTestResult executionId="1ab72bd1-5a49-47ca-bdfc-1718850a4dd2" testId="7cf7e642-84d5-f65c-c66c-cc62934f56ab" testName="Servicos.CalculoImposto.Core.Tests.Entities.PedidoTributadoTests.Constructor_ComItensNulos_DeveLancarException" computerName="fcbf8f2d9f83" duration="00:00:00.0010498" startTime="2025-04-22T15:20:18.0176101+00:00" endTime="2025-04-22T15:20:18.0186299+00:00" testType="13cdc9d9-ddb5-4fa4-a97d-d965ccfc6d4b" outcome="Passed" testListId="8c84fa94-04c1-424b-9868-57a2d4851a1d" relativeResultsDirectory="1ab72bd1-5a49-47ca-bdfc-1718850a4dd2" />
    <UnitTestResult executionId="406f8014-6edc-4f09-b580-782dba4911d1" testId="3262246d-1a25-bfbf-3fe2-2690d9e58489" testName="Servicos.CalculoImposto.Core.Tests.Entities.PedidoTributadoTests.Cancelar_DeveAtualizarStatusParaCancelado" computerName="fcbf8f2d9f83" duration="00:00:00.0021430" startTime="2025-04-22T15:20:17.9955980+00:00" endTime="2025-04-22T15:20:17.9960667+00:00" testType="13cdc9d9-ddb5-4fa4-a97d-d965ccfc6d4b" outcome="Passed" testListId="8c84fa94-04c1-424b-9868-57a2d4851a1d" relativeResultsDirectory="406f8014-6edc-4f09-b580-782dba4911d1" />
    <UnitTestResult executionId="5f7af90f-3bab-4372-9109-467e80b802f5" testId="e1620243-30d1-2d92-e0d1-0de1f877e9aa" testName="Servicos.CalculoImposto.Infra.Tests.Services.CacheServiceTests.Remover_DeveRemoverItemDoCache" computerName="fcbf8f2d9f83" duration="00:00:00.0032418" startTime="2025-04-22T15:20:17.9775400+00:00" endTime="2025-04-22T15:20:17.9806671+00:00" testType="13cdc9d9-ddb5-4fa4-a97d-d965ccfc6d4b" outcome="Passed" testListId="8c84fa94-04c1-424b-9868-57a2d4851a1d" relativeResultsDirectory="5f7af90f-3bab-4372-9109-467e80b802f5" />
    <UnitTestResult executionId="408fd8e5-15a9-4583-ba55-45c867be7151" testId="432a30e6-168e-86af-7c27-fe1081f12e78" testName="Servicos.CalculoImposto.Application.Tests.UseCases.PegarTodos.PegarTodosQueryValidatorTests.Validador_DeveRejeitarPaginaInvalida(paginaInvalida: -1)" computerName="fcbf8f2d9f83" duration="00:00:00.0002129" startTime="2025-04-22T15:20:17.9368115+00:00" endTime="2025-04-22T15:20:17.9368512+00:00" testType="13cdc9d9-ddb5-4fa4-a97d-d965ccfc6d4b" outcome="Passed" testListId="8c84fa94-04c1-424b-9868-57a2d4851a1d" relativeResultsDirectory="408fd8e5-15a9-4583-ba55-45c867be7151" />
    <UnitTestResult executionId="b9ef170c-4c0b-4461-ac0e-d2aa172c5314" testId="7d856a53-6985-d857-5e48-d5348a22d83e" testName="Servicos.CalculoImposto.Application.Tests.UseCases.CalcularImpostos.CalcularImpostoHandlerTests.Handle_DeveDispararEventoPedidoSalvo" computerName="fcbf8f2d9f83" duration="00:00:00.0124780" startTime="2025-04-22T15:20:17.9991826+00:00" endTime="2025-04-22T15:20:18.0116871+00:00" testType="13cdc9d9-ddb5-4fa4-a97d-d965ccfc6d4b" outcome="Passed" testListId="8c84fa94-04c1-424b-9868-57a2d4851a1d" relativeResultsDirectory="b9ef170c-4c0b-4461-ac0e-d2aa172c5314" />
    <UnitTestResult executionId="d66a6347-5eba-4687-9720-9eb2f8cff86e" testId="baf7d6d1-8e16-c21a-2106-ca59adcc96aa" testName="Servicos.CalculoImposto.Core.Tests.Events.PedidoTributadoSalvoEventTests.Constructor_ComPedidoComImpostoIdInvalido_DeveLancarException(idInvalido: -1)" computerName="fcbf8f2d9f83" duration="00:00:00.0102829" startTime="2025-04-22T15:20:17.9289249+00:00" endTime="2025-04-22T15:20:17.9297584+00:00" testType="13cdc9d9-ddb5-4fa4-a97d-d965ccfc6d4b" outcome="Passed" testListId="8c84fa94-04c1-424b-9868-57a2d4851a1d" relativeResultsDirectory="d66a6347-5eba-4687-9720-9eb2f8cff86e" />
    <UnitTestResult executionId="6a86d3ae-6219-4f39-830a-dd6bc0ccf5c1" testId="c3f5eec3-a067-a193-c0f9-bec971495179" testName="Servicos.CalculoImposto.Core.Tests.BaseEntities.AggregateRootTests.Events_DeveRetornarColecaoSomenteLeitura" computerName="fcbf8f2d9f83" duration="00:00:00.0052052" startTime="2025-04-22T15:20:18.0109949+00:00" endTime="2025-04-22T15:20:18.0110939+00:00" testType="13cdc9d9-ddb5-4fa4-a97d-d965ccfc6d4b" outcome="Passed" testListId="8c84fa94-04c1-424b-9868-57a2d4851a1d" relativeResultsDirectory="6a86d3ae-6219-4f39-830a-dd6bc0ccf5c1" />
    <UnitTestResult executionId="704a2ebc-c8a5-4f0d-a973-b1ac2197a3ba" testId="f5675363-9285-0ce1-b849-04c4960a6d3e" testName="Servicos.CalculoImposto.Application.Tests.Notifications.PedidoTributadoSalvoEvents.CachearPedidoResponseHandlerTests.Handle_DeveInserirRespostaPadronizadaComSucesso" computerName="fcbf8f2d9f83" duration="00:00:00.0137493" startTime="2025-04-22T15:20:17.9668647+00:00" endTime="2025-04-22T15:20:17.9806378+00:00" testType="13cdc9d9-ddb5-4fa4-a97d-d965ccfc6d4b" outcome="Passed" testListId="8c84fa94-04c1-424b-9868-57a2d4851a1d" relativeResultsDirectory="704a2ebc-c8a5-4f0d-a973-b1ac2197a3ba" />
    <UnitTestResult executionId="564eeab8-661e-49fc-b230-df62e58ba95d" testId="34da30e1-7188-69fc-68d3-3bc909d195f3" testName="Servicos.CalculoImposto.Core.Tests.BaseEntities.AggregateRootTests.RaiseEvent_DeveAdicionarEventoNaLista" computerName="fcbf8f2d9f83" duration="00:00:00.0011489" startTime="2025-04-22T15:20:18.0112808+00:00" endTime="2025-04-22T15:20:18.0113445+00:00" testType="13cdc9d9-ddb5-4fa4-a97d-d965ccfc6d4b" outcome="Passed" testListId="8c84fa94-04c1-424b-9868-57a2d4851a1d" relativeResultsDirectory="564eeab8-661e-49fc-b230-df62e58ba95d" />
    <UnitTestResult executionId="c63ed90b-cf45-421a-8bed-0cb1e4e0e7cf" testId="db2516e0-84f2-37ef-25a3-2f9cf5468a56" testName="Servicos.CalculoImposto.Application.Tests.UseCases.PegarTodos.PegarTodosQueryValidatorTests.Validador_DeveAceitarItensPorPaginaValidos(itensValidos: 50)" computerName="fcbf8f2d9f83" duration="00:00:00.0001060" startTime="2025-04-22T15:20:17.9463081+00:00" endTime="2025-04-22T15:20:17.9465597+00:00" testType="13cdc9d9-ddb5-4fa4-a97d-d965ccfc6d4b" outcome="Passed" testListId="8c84fa94-04c1-424b-9868-57a2d4851a1d" relativeResultsDirectory="c63ed90b-cf45-421a-8bed-0cb1e4e0e7cf" />
    <UnitTestResult executionId="e0741f4d-f0f2-4398-9e92-a5b27ad73de1" testId="a1c6d35e-9205-2253-a004-7653add81533" testName="Servicos.CalculoImposto.Application.Tests.UseCases.PegarTodos.PegarTodosQueryValidatorTests.Validador_DeveRejeitarItensPorPaginaMaiorQue100(itensInvalidos: 101)" computerName="fcbf8f2d9f83" duration="00:00:00.0002569" startTime="2025-04-22T15:20:17.9374210+00:00" endTime="2025-04-22T15:20:17.9374689+00:00" testType="13cdc9d9-ddb5-4fa4-a97d-d965ccfc6d4b" outcome="Passed" testListId="8c84fa94-04c1-424b-9868-57a2d4851a1d" relativeResultsDirectory="e0741f4d-f0f2-4398-9e92-a5b27ad73de1" />
    <UnitTestResult executionId="7be730a0-4098-40f8-a2b2-69666d6c176a" testId="634fe35e-4f53-7161-8d6f-f0d93aa484ed" testName="Servicos.CalculoImposto.Core.Tests.BaseEntities.AggregateRootTests.Constructor_DeveInicializarCorretamente" computerName="fcbf8f2d9f83" duration="00:00:00.0030187" startTime="2025-04-22T15:20:17.9729958+00:00" endTime="2025-04-22T15:20:17.9758292+00:00" testType="13cdc9d9-ddb5-4fa4-a97d-d965ccfc6d4b" outcome="Passed" testListId="8c84fa94-04c1-424b-9868-57a2d4851a1d" relativeResultsDirectory="7be730a0-4098-40f8-a2b2-69666d6c176a" />
    <UnitTestResult executionId="e4daeb49-e222-4313-87cf-8cf838d51ddc" testId="1d66dba3-c2bd-cd80-b6de-88cbf9eb6d32" testName="Servicos.CalculoImposto.Application.Tests.UseCases.PegarTodos.PegarTodosQueryValidatorTests.Validador_DeveRejeitarItensPorPaginaMaiorQue100(itensInvalidos: 200)" computerName="fcbf8f2d9f83" duration="00:00:00.0001710" startTime="2025-04-22T15:20:17.9375303+00:00" endTime="2025-04-22T15:20:17.9376481+00:00" testType="13cdc9d9-ddb5-4fa4-a97d-d965ccfc6d4b" outcome="Passed" testListId="8c84fa94-04c1-424b-9868-57a2d4851a1d" relativeResultsDirectory="e4daeb49-e222-4313-87cf-8cf838d51ddc" />
    <UnitTestResult executionId="3ab6df5f-6aca-45a4-98cd-defd4b138efb" testId="9f887999-bbd7-eeaf-b41b-a4567c804d7d" testName="Servicos.CalculoImposto.Core.Tests.Services.ImpostoServiceTests.CalcularImposto_DeveUsarStrategyCorretaConformeContexto" computerName="fcbf8f2d9f83" duration="00:00:00.6911813" startTime="2025-04-22T15:20:17.2996918+00:00" endTime="2025-04-22T15:20:17.9816346+00:00" testType="13cdc9d9-ddb5-4fa4-a97d-d965ccfc6d4b" outcome="Passed" testListId="8c84fa94-04c1-424b-9868-57a2d4851a1d" relativeResultsDirectory="3ab6df5f-6aca-45a4-98cd-defd4b138efb" />
    <UnitTestResult executionId="b29fdaca-86dc-421a-a2ae-70a0aa827429" testId="6ca76c80-fd85-6350-f6b8-6d5abb78e2c2" testName="Servicos.CalculoImposto.Infra.Tests.Services.CacheServiceTests.Pegar_DeveRetornarDefault_QuandoChaveNaoExiste" computerName="fcbf8f2d9f83" duration="00:00:00.6838385" startTime="2025-04-22T15:20:17.2996540+00:00" endTime="2025-04-22T15:20:17.9733738+00:00" testType="13cdc9d9-ddb5-4fa4-a97d-d965ccfc6d4b" outcome="Passed" testListId="8c84fa94-04c1-424b-9868-57a2d4851a1d" relativeResultsDirectory="b29fdaca-86dc-421a-a2ae-70a0aa827429" />
    <UnitTestResult executionId="0eea2f14-e256-4b9a-b42b-896d403ee576" testId="e24e655e-07da-6225-b2a3-e6556086b378" testName="Servicos.CalculoImposto.Application.Tests.UseCases.CalcularImpostos.CalcularImpostoCommandValidatorTests.Validador_DeveTerErro_QuandoListaItensForVazia" computerName="fcbf8f2d9f83" duration="00:00:00.6468563" startTime="2025-04-22T15:20:17.2996157+00:00" endTime="2025-04-22T15:20:17.9365544+00:00" testType="13cdc9d9-ddb5-4fa4-a97d-d965ccfc6d4b" outcome="Passed" testListId="8c84fa94-04c1-424b-9868-57a2d4851a1d" relativeResultsDirectory="0eea2f14-e256-4b9a-b42b-896d403ee576" />
    <UnitTestResult executionId="6da7147b-1dff-4a28-821b-924051c4dc93" testId="adcd009c-5798-5009-4416-18492be9929f" testName="Servicos.CalculoImposto.Core.Tests.Entities.PedidoTributadoTests.Constructor_ComParametrosInvalidos_DeveLancarArgumentException(pedidoId: 1, clienteId: 1, imposto: -1, paramEsperado: &quot;imposto&quot;)" computerName="fcbf8f2d9f83" duration="00:00:00.0011814" startTime="2025-04-22T15:20:18.0148273+00:00" endTime="2025-04-22T15:20:18.0151897+00:00" testType="13cdc9d9-ddb5-4fa4-a97d-d965ccfc6d4b" outcome="Passed" testListId="8c84fa94-04c1-424b-9868-57a2d4851a1d" relativeResultsDirectory="6da7147b-1dff-4a28-821b-924051c4dc93" />
    <UnitTestResult executionId="1e39594a-657f-40e0-826d-672379a52986" testId="6eb9e9c0-0b75-d79a-14eb-79ec4a301154" testName="Servicos.CalculoImposto.Core.Tests.BaseEntities.AggregateRootTests.AtualizarModificadoEm_DeveAtualizarDataModificacao" computerName="fcbf8f2d9f83" duration="00:00:00.0158639" startTime="2025-04-22T15:20:17.9568583+00:00" endTime="2025-04-22T15:20:17.9727374+00:00" testType="13cdc9d9-ddb5-4fa4-a97d-d965ccfc6d4b" outcome="Passed" testListId="8c84fa94-04c1-424b-9868-57a2d4851a1d" relativeResultsDirectory="1e39594a-657f-40e0-826d-672379a52986" />
    <UnitTestResult executionId="5eb75700-97b4-4aa8-8c70-f978fe95a614" testId="0910bc16-2855-5cdc-1219-751ac406aa82" testName="Servicos.CalculoImposto.Application.Tests.UseCases.PegarTodos.PegarTodosQueryValidatorTests.Validador_DeveAceitarPaginaValida(paginaValida: 1)" computerName="fcbf8f2d9f83" duration="00:00:00.0002484" startTime="2025-04-22T15:20:17.9377935+00:00" endTime="2025-04-22T15:20:17.9379367+00:00" testType="13cdc9d9-ddb5-4fa4-a97d-d965ccfc6d4b" outcome="Passed" testListId="8c84fa94-04c1-424b-9868-57a2d4851a1d" relativeResultsDirectory="5eb75700-97b4-4aa8-8c70-f978fe95a614" />
    <UnitTestResult executionId="9ffd1e48-8dfb-4f88-b4ea-81b022940f77" testId="e4abd996-f2e2-d005-59de-637c0364a79e" testName="Servicos.CalculoImposto.Application.Tests.UseCases.PegarPeloPedidoId.PegarPeloProdutoIdQueryValidatorTests.Validador_DeveTerDoisErros_QuandoPedidoIdForZero" computerName="fcbf8f2d9f83" duration="00:00:00.0118649" startTime="2025-04-22T15:20:17.9474678+00:00" endTime="2025-04-22T15:20:17.9500279+00:00" testType="13cdc9d9-ddb5-4fa4-a97d-d965ccfc6d4b" outcome="Passed" testListId="8c84fa94-04c1-424b-9868-57a2d4851a1d" relativeResultsDirectory="9ffd1e48-8dfb-4f88-b4ea-81b022940f77" />
    <UnitTestResult executionId="fdddbc77-76e0-421c-a848-fd0485910dc6" testId="b8ffe435-a369-ec32-5d3e-225da950055d" testName="Servicos.CalculoImposto.Application.Tests.UseCases.CalcularImpostos.CalcularImpostoHandlerTests.Handle_DeveUsarChaveCorretaNoCache" computerName="fcbf8f2d9f83" duration="00:00:00.6951661" startTime="2025-04-22T15:20:17.2996668+00:00" endTime="2025-04-22T15:20:17.9935390+00:00" testType="13cdc9d9-ddb5-4fa4-a97d-d965ccfc6d4b" outcome="Passed" testListId="8c84fa94-04c1-424b-9868-57a2d4851a1d" relativeResultsDirectory="fdddbc77-76e0-421c-a848-fd0485910dc6" />
    <UnitTestResult executionId="aaa6a921-7977-4016-aba9-bf8b39f7a39c" testId="4abd520c-2370-1dc6-bf68-f3dc5017a9a4" testName="Servicos.CalculoImposto.Core.Tests.Events.PedidoTributadoSalvoEventTests.Propriedades_DevemTerAcessibilidadeCorreta" computerName="fcbf8f2d9f83" duration="00:00:00.0019356" startTime="2025-04-22T15:20:17.9617757+00:00" endTime="2025-04-22T15:20:17.9636410+00:00" testType="13cdc9d9-ddb5-4fa4-a97d-d965ccfc6d4b" outcome="Passed" testListId="8c84fa94-04c1-424b-9868-57a2d4851a1d" relativeResultsDirectory="aaa6a921-7977-4016-aba9-bf8b39f7a39c" />
    <UnitTestResult executionId="b39f0673-cc95-47a3-be61-4c944585597a" testId="9bd04d41-52db-8485-fed8-2c44834e64a7" testName="Servicos.CalculoImposto.Application.Tests.UseCases.PegarTodos.PegarTodosQueryValidatorTests.Validador_DeveRejeitarItensPorPaginaMenorQue1(itensInvalidos: -1)" computerName="fcbf8f2d9f83" duration="00:00:00.0004556" startTime="2025-04-22T15:20:17.9478465+00:00" endTime="2025-04-22T15:20:17.9480261+00:00" testType="13cdc9d9-ddb5-4fa4-a97d-d965ccfc6d4b" outcome="Passed" testListId="8c84fa94-04c1-424b-9868-57a2d4851a1d" relativeResultsDirectory="b39f0673-cc95-47a3-be61-4c944585597a" />
    <UnitTestResult executionId="a297ffcf-c042-4a1f-8c09-b2cccb2fe6d5" testId="6f2f4e59-4bf7-81c1-f7f2-caef8b741528" testName="Servicos.CalculoImposto.Application.Tests.UseCases.CalcularImpostos.CalcularImpostoHandlerTests.Handle_QuandoPedidoNaoExiste_DeveCalcularEInserir" computerName="fcbf8f2d9f83" duration="00:00:00.0131258" startTime="2025-04-22T15:20:17.9941864+00:00" endTime="2025-04-22T15:20:17.9978933+00:00" testType="13cdc9d9-ddb5-4fa4-a97d-d965ccfc6d4b" outcome="Passed" testListId="8c84fa94-04c1-424b-9868-57a2d4851a1d" relativeResultsDirectory="a297ffcf-c042-4a1f-8c09-b2cccb2fe6d5" />
    <UnitTestResult executionId="32c7a12a-5f40-494b-83ac-e997e7db7104" testId="4d974895-c42a-8554-d20f-b69b54c89f3d" testName="Servicos.CalculoImposto.Core.Tests.Entities.PedidoTributadoTests.Constructor_ComParametrosInvalidos_DeveLancarArgumentException(pedidoId: 0, clienteId: 1, imposto: 10, paramEsperado: &quot;pedidoId&quot;)" computerName="fcbf8f2d9f83" duration="00:00:00.0124929" startTime="2025-04-22T15:20:17.9995799+00:00" endTime="2025-04-22T15:20:18.0121546+00:00" testType="13cdc9d9-ddb5-4fa4-a97d-d965ccfc6d4b" outcome="Passed" testListId="8c84fa94-04c1-424b-9868-57a2d4851a1d" relativeResultsDirectory="32c7a12a-5f40-494b-83ac-e997e7db7104" />
    <UnitTestResult executionId="fef851e3-8b22-4a66-a29f-921dc68671cd" testId="7e575239-f871-d410-61f4-af0314782bb8" testName="Servicos.CalculoImposto.Core.Tests.Entities.PedidoItemTests.Propriedades_DevemTerSetterPrivado" computerName="fcbf8f2d9f83" duration="00:00:00.0025398" startTime="2025-04-22T15:20:17.9232252+00:00" endTime="2025-04-22T15:20:17.9239646+00:00" testType="13cdc9d9-ddb5-4fa4-a97d-d965ccfc6d4b" outcome="Passed" testListId="8c84fa94-04c1-424b-9868-57a2d4851a1d" relativeResultsDirectory="fef851e3-8b22-4a66-a29f-921dc68671cd" />
    <UnitTestResult executionId="52db991c-4577-4e2a-a745-069c19a31b28" testId="fe9f2823-10aa-0ab4-3289-2eb3d09a2612" testName="Servicos.CalculoImposto.Application.Tests.UseCases.PegarPeloPedidoId.PegarPeloProdutoIdQueryValidatorTests.Validador_DeveFalhar_QuandoPedidoIdForInvalido(pedidoId: 0)" computerName="fcbf8f2d9f83" duration="00:00:00.0000236" startTime="2025-04-22T15:20:17.9377691+00:00" endTime="2025-04-22T15:20:17.9378256+00:00" testType="13cdc9d9-ddb5-4fa4-a97d-d965ccfc6d4b" outcome="Passed" testListId="8c84fa94-04c1-424b-9868-57a2d4851a1d" relativeResultsDirectory="52db991c-4577-4e2a-a745-069c19a31b28" />
    <UnitTestResult executionId="d15edc1d-3b76-4df7-8c9a-ba1fbb6a6a3c" testId="63a87707-c32b-7b5e-d561-e8d84f4fbba6" testName="Servicos.CalculoImposto.Infra.Tests.Services.FeatureFlagProviderTests.IsEnabled_DeveRetornarCorretamente_BaseadoNaConfiguracao(configValue: &quot;false&quot;, expected: False)" computerName="fcbf8f2d9f83" duration="00:00:00.0004236" startTime="2025-04-22T15:20:17.9770083+00:00" endTime="2025-04-22T15:20:17.9772299+00:00" testType="13cdc9d9-ddb5-4fa4-a97d-d965ccfc6d4b" outcome="Passed" testListId="8c84fa94-04c1-424b-9868-57a2d4851a1d" relativeResultsDirectory="d15edc1d-3b76-4df7-8c9a-ba1fbb6a6a3c" />
    <UnitTestResult executionId="e162e076-b9cd-4f19-8b19-35c0e39dc962" testId="093ffe5f-056a-97b5-8140-2ad7ffab926d" testName="Servicos.CalculoImposto.Core.Tests.Events.PedidoTributadoSalvoEventTests.Constructor_DeveInicializarCorretamente" computerName="fcbf8f2d9f83" duration="00:00:00.0123942" startTime="2025-04-22T15:20:17.9479956+00:00" endTime="2025-04-22T15:20:17.9598431+00:00" testType="13cdc9d9-ddb5-4fa4-a97d-d965ccfc6d4b" outcome="Passed" testListId="8c84fa94-04c1-424b-9868-57a2d4851a1d" relativeResultsDirectory="e162e076-b9cd-4f19-8b19-35c0e39dc962" />
    <UnitTestResult executionId="09cbf0ee-2554-49ac-ac08-10054c42e317" testId="46a993f2-0e97-e76c-b455-d79f48d97204" testName="Servicos.CalculoImposto.Application.Tests.UseCases.PegarTodos.PegarTodosQueryValidatorTests.Validador_DeveRejeitarPaginaInvalida(paginaInvalida: -100)" computerName="fcbf8f2d9f83" duration="00:00:00.0000324" startTime="2025-04-22T15:20:17.9369185+00:00" endTime="2025-04-22T15:20:17.9369489+00:00" testType="13cdc9d9-ddb5-4fa4-a97d-d965ccfc6d4b" outcome="Passed" testListId="8c84fa94-04c1-424b-9868-57a2d4851a1d" relativeResultsDirectory="09cbf0ee-2554-49ac-ac08-10054c42e317" />
    <UnitTestResult executionId="9036fdc8-0fc6-4dc5-a4ae-9efef6b24740" testId="94021352-0bfb-7c87-7ba1-3db359cd680a" testName="Servicos.CalculoImposto.Application.Tests.UseCases.PegarTodos.PegarTodosHandlerTests.Handle_DeveRetornarSucessoComListaVazia_QuandoNaoHouverResultados" computerName="fcbf8f2d9f83" duration="00:00:00.0021063" startTime="2025-04-22T15:20:18.0139410+00:00" endTime="2025-04-22T15:20:18.0154300+00:00" testType="13cdc9d9-ddb5-4fa4-a97d-d965ccfc6d4b" outcome="Passed" testListId="8c84fa94-04c1-424b-9868-57a2d4851a1d" relativeResultsDirectory="9036fdc8-0fc6-4dc5-a4ae-9efef6b24740" />
    <UnitTestResult executionId="bfe7688d-806a-4c60-9d23-4a22ff896896" testId="2d5fe8e0-2177-5dc2-68e9-882d13a82ab5" testName="Servicos.CalculoImposto.Infra.Tests.Services.ProcessarOutboxJobTests.Executar_DeveSalvarMudancasAposProcessarTodasMensagens" computerName="fcbf8f2d9f83" duration="00:00:00.0025068" startTime="2025-04-22T15:20:17.9850402+00:00" endTime="2025-04-22T15:20:17.9927012+00:00" testType="13cdc9d9-ddb5-4fa4-a97d-d965ccfc6d4b" outcome="Passed" testListId="8c84fa94-04c1-424b-9868-57a2d4851a1d" relativeResultsDirectory="bfe7688d-806a-4c60-9d23-4a22ff896896" />
    <UnitTestResult executionId="6c6ba58c-dfa0-4d2c-8964-b6737978f482" testId="1ba88d42-2e5e-638f-3892-c81f5a37a1f0" testName="Servicos.CalculoImposto.Core.Tests.BaseEntities.AggregateRootTests.RaiseEvent_MultiplosEventos_DeveManterTodos(quantidadeEventos: 10)" computerName="fcbf8f2d9f83" duration="00:00:00.0029843" startTime="2025-04-22T15:20:18.0091139+00:00" endTime="2025-04-22T15:20:18.0094651+00:00" testType="13cdc9d9-ddb5-4fa4-a97d-d965ccfc6d4b" outcome="Passed" testListId="8c84fa94-04c1-424b-9868-57a2d4851a1d" relativeResultsDirectory="6c6ba58c-dfa0-4d2c-8964-b6737978f482" />
    <UnitTestResult executionId="9ba555df-0d28-4533-ad3c-2a3f9d602de4" testId="aa8cc34b-d34a-7cf8-4f13-680d162a5831" testName="Servicos.CalculoImposto.Application.Tests.UseCases.PegarTodos.PegarTodosQueryValidatorTests.Validador_DeveAceitarPaginaValida(paginaValida: 100)" computerName="fcbf8f2d9f83" duration="00:00:00.0000259" startTime="2025-04-22T15:20:17.9387387+00:00" endTime="2025-04-22T15:20:17.9387941+00:00" testType="13cdc9d9-ddb5-4fa4-a97d-d965ccfc6d4b" outcome="Passed" testListId="8c84fa94-04c1-424b-9868-57a2d4851a1d" relativeResultsDirectory="9ba555df-0d28-4533-ad3c-2a3f9d602de4" />
    <UnitTestResult executionId="597cf4e9-0114-4b62-b534-50d57700fdc0" testId="a1fb027e-2dfb-a289-fee7-2605a147d1a7" testName="Servicos.CalculoImposto.Application.Tests.UseCases.PegarPeloPedidoId.PegarPeloProdutoIdQueryValidatorTests.Validador_DeveFalhar_QuandoPedidoIdForInvalido(pedidoId: -2147483648)" computerName="fcbf8f2d9f83" duration="00:00:00.0001073" startTime="2025-04-22T15:20:17.9376157+00:00" endTime="2025-04-22T15:20:17.9376952+00:00" testType="13cdc9d9-ddb5-4fa4-a97d-d965ccfc6d4b" outcome="Passed" testListId="8c84fa94-04c1-424b-9868-57a2d4851a1d" relativeResultsDirectory="597cf4e9-0114-4b62-b534-50d57700fdc0" />
    <UnitTestResult executionId="e72a9ff2-1126-477d-abf6-5060a8759f38" testId="cf1e05b7-2efd-be12-96f1-73f0397e8116" testName="Servicos.CalculoImposto.Application.Tests.UseCases.PegarPeloPedidoId.PegarPeloProdutoIdQueryValidatorTests.Validador_DeveFalhar_QuandoPedidoIdForInvalido(pedidoId: -1)" computerName="fcbf8f2d9f83" duration="00:00:00.0006191" startTime="2025-04-22T15:20:17.9367584+00:00" endTime="2025-04-22T15:20:17.9375632+00:00" testType="13cdc9d9-ddb5-4fa4-a97d-d965ccfc6d4b" outcome="Passed" testListId="8c84fa94-04c1-424b-9868-57a2d4851a1d" relativeResultsDirectory="e72a9ff2-1126-477d-abf6-5060a8759f38" />
    <UnitTestResult executionId="dd359491-8625-4259-9034-0b01fd24ec37" testId="3d02d507-ff4c-2cee-6071-8839484e6d16" testName="Servicos.CalculoImposto.Application.Tests.UseCases.PegarTodos.PegarTodosQueryValidatorTests.Validador_DeveRejeitarPaginaInvalida(paginaInvalida: 0)" computerName="fcbf8f2d9f83" duration="00:00:00.0026544" startTime="2025-04-22T15:20:17.9344711+00:00" endTime="2025-04-22T15:20:17.9364408+00:00" testType="13cdc9d9-ddb5-4fa4-a97d-d965ccfc6d4b" outcome="Passed" testListId="8c84fa94-04c1-424b-9868-57a2d4851a1d" relativeResultsDirectory="dd359491-8625-4259-9034-0b01fd24ec37" />
    <UnitTestResult executionId="901febbd-68b0-4efb-8b37-656b46961423" testId="22241d9e-28ed-1152-a6d0-65610320271c" testName="Servicos.CalculoImposto.Core.Tests.Entities.PedidoItemTests.Constructor_ComParametrosInvalidos_DeveLancarArgumentException(produtoId: 1, quantidade: -1, valor: 100.5)" computerName="fcbf8f2d9f83" duration="00:00:00.0007856" startTime="2025-04-22T15:20:17.8311276+00:00" endTime="2025-04-22T15:20:17.8311589+00:00" testType="13cdc9d9-ddb5-4fa4-a97d-d965ccfc6d4b" outcome="Passed" testListId="8c84fa94-04c1-424b-9868-57a2d4851a1d" relativeResultsDirectory="901febbd-68b0-4efb-8b37-656b46961423" />
    <UnitTestResult executionId="c0a69c7f-adcc-458f-8d76-fceeb562eb03" testId="fb5928c9-04b5-12b0-c54b-77d37add678d" testName="Servicos.CalculoImposto.Core.Tests.Entities.OutboxMessageTests.Constructor_ComPayloadInvalido_DeveLancarException(payloadInvalido: &quot;&quot;)" computerName="fcbf8f2d9f83" duration="00:00:00.0061139" startTime="2025-04-22T15:20:17.9293607+00:00" endTime="2025-04-22T15:20:17.9295909+00:00" testType="13cdc9d9-ddb5-4fa4-a97d-d965ccfc6d4b" outcome="Passed" testListId="8c84fa94-04c1-424b-9868-57a2d4851a1d" relativeResultsDirectory="c0a69c7f-adcc-458f-8d76-fceeb562eb03" />
    <UnitTestResult executionId="15cc68aa-8cf7-4296-b62b-43322bccffea" testId="aa3a1c6f-3d45-53ed-0f2c-412528c88158" testName="Servicos.CalculoImposto.Application.Tests.UseCases.CalcularImpostos.CalcularImpostoCommandTests.Constructor_DeveInicializarCorretamente" computerName="fcbf8f2d9f83" duration="00:00:00.0109619" startTime="2025-04-22T15:20:17.9815979+00:00" endTime="2025-04-22T15:20:17.9942430+00:00" testType="13cdc9d9-ddb5-4fa4-a97d-d965ccfc6d4b" outcome="Passed" testListId="8c84fa94-04c1-424b-9868-57a2d4851a1d" relativeResultsDirectory="15cc68aa-8cf7-4296-b62b-43322bccffea" />
    <UnitTestResult executionId="2281ece6-a111-4e54-9094-4635f1dffe45" testId="747f441a-9f4f-3ca1-575a-593fdb069d04" testName="Servicos.CalculoImposto.Infra.Tests.Services.FeatureFlagProviderTests.IsEnabled_DeveRetornarFalse_QuandoConfiguracaoNaoContemFeature" computerName="fcbf8f2d9f83" duration="00:00:00.0005605" startTime="2025-04-22T15:20:17.9821059+00:00" endTime="2025-04-22T15:20:17.9835884+00:00" testType="13cdc9d9-ddb5-4fa4-a97d-d965ccfc6d4b" outcome="Passed" testListId="8c84fa94-04c1-424b-9868-57a2d4851a1d" relativeResultsDirectory="2281ece6-a111-4e54-9094-4635f1dffe45" />
    <UnitTestResult executionId="3a8bdcc1-fd31-4c69-809f-288434ef33d4" testId="b84e000b-4fd4-46ad-7b34-708b45e51e3e" testName="Servicos.CalculoImposto.Application.Tests.UseCases.PegarPeloPedidoId.PegarPeloPedidoIdHandlerTests.Handle_DeveMapearTodosCamposCorretamente" computerName="fcbf8f2d9f83" duration="00:00:00.0112218" startTime="2025-04-22T15:20:17.9925520+00:00" endTime="2025-04-22T15:20:17.9948218+00:00" testType="13cdc9d9-ddb5-4fa4-a97d-d965ccfc6d4b" outcome="Passed" testListId="8c84fa94-04c1-424b-9868-57a2d4851a1d" relativeResultsDirectory="3a8bdcc1-fd31-4c69-809f-288434ef33d4" />
    <UnitTestResult executionId="5a01ddf6-f54b-448f-b482-5ee1cf580d28" testId="c250e699-bb99-619c-4f53-99ac3bdff838" testName="Servicos.CalculoImposto.Application.Tests.UseCases.PegarPeloPedidoId.PegarPeloProdutoIdQueryValidatorTests.Validador_DeveTerErro_QuandoPedidoIdForNegativo" computerName="fcbf8f2d9f83" duration="00:00:00.0001923" startTime="2025-04-22T15:20:17.9501578+00:00" endTime="2025-04-22T15:20:17.9502674+00:00" testType="13cdc9d9-ddb5-4fa4-a97d-d965ccfc6d4b" outcome="Passed" testListId="8c84fa94-04c1-424b-9868-57a2d4851a1d" relativeResultsDirectory="5a01ddf6-f54b-448f-b482-5ee1cf580d28" />
    <UnitTestResult executionId="7a4e35a3-aa8e-495b-ac8f-93471e95a802" testId="a2b91cb2-186e-d9be-ac90-9b91d104a85a" testName="Servicos.CalculoImposto.Infra.Tests.Services.FeatureFlagProviderTests.IsEnabled_DeveRetornarCorretamente_BaseadoNaConfiguracao(configValue: &quot;invalid&quot;, expected: False)" computerName="fcbf8f2d9f83" duration="00:00:00.0003207" startTime="2025-04-22T15:20:17.9773484+00:00" endTime="2025-04-22T15:20:17.9776148+00:00" testType="13cdc9d9-ddb5-4fa4-a97d-d965ccfc6d4b" outcome="Passed" testListId="8c84fa94-04c1-424b-9868-57a2d4851a1d" relativeResultsDirectory="7a4e35a3-aa8e-495b-ac8f-93471e95a802" />
    <UnitTestResult executionId="2a594534-dcb8-4e4a-9945-c590de6b820d" testId="5a75963e-5e16-35ec-df93-b7f6852cca2d" testName="Servicos.CalculoImposto.Core.Tests.BaseEntities.AggregateRootTests.RaiseEvent_MultiplosEventos_DeveManterTodos(quantidadeEventos: 1)" computerName="fcbf8f2d9f83" duration="00:00:00.0001678" startTime="2025-04-22T15:20:18.0096267+00:00" endTime="2025-04-22T15:20:18.0107966+00:00" testType="13cdc9d9-ddb5-4fa4-a97d-d965ccfc6d4b" outcome="Passed" testListId="8c84fa94-04c1-424b-9868-57a2d4851a1d" relativeResultsDirectory="2a594534-dcb8-4e4a-9945-c590de6b820d" />
    <UnitTestResult executionId="5bf5cd13-60a4-4e83-8832-ae36a96a2b14" testId="8c47e55e-7e21-328c-4d20-e6c18bcff11f" testName="Servicos.CalculoImposto.Application.Tests.UseCases.PegarPeloPedidoId.PegarPeloPedidoIdHandlerTests.Handle_QuandoPedidoExiste_DeveRetornarSucessoComDados" computerName="fcbf8f2d9f83" duration="00:00:00.0034428" startTime="2025-04-22T15:20:17.9954814+00:00" endTime="2025-04-22T15:20:17.9973521+00:00" testType="13cdc9d9-ddb5-4fa4-a97d-d965ccfc6d4b" outcome="Passed" testListId="8c84fa94-04c1-424b-9868-57a2d4851a1d" relativeResultsDirectory="5bf5cd13-60a4-4e83-8832-ae36a96a2b14" />
    <UnitTestResult executionId="f5b5cd62-6700-4f0e-ad16-3ef9ac78e767" testId="3103224e-98a6-1d8b-3a13-7b5f1d8a731a" testName="Servicos.CalculoImposto.Infra.Tests.Services.ProcessarOutboxJobTests.Executar_DeveProcessarTodasMensagensPendentes" computerName="fcbf8f2d9f83" duration="00:00:00.0673185" startTime="2025-04-22T15:20:17.9288245+00:00" endTime="2025-04-22T15:20:17.9849548+00:00" testType="13cdc9d9-ddb5-4fa4-a97d-d965ccfc6d4b" outcome="Passed" testListId="8c84fa94-04c1-424b-9868-57a2d4851a1d" relativeResultsDirectory="f5b5cd62-6700-4f0e-ad16-3ef9ac78e767" />
    <UnitTestResult executionId="13e142fd-9a5b-4c57-a4b2-4082c308aa5f" testId="13bc05e4-9453-bb22-a480-5c04c867eef1" testName="Servicos.CalculoImposto.Core.Tests.BaseEntities.AggregateRootTests.ClearEvents_DeveLimparTodosOsEventos" computerName="fcbf8f2d9f83" duration="00:00:00.0009392" startTime="2025-04-22T15:20:18.0114927+00:00" endTime="2025-04-22T15:20:18.0129291+00:00" testType="13cdc9d9-ddb5-4fa4-a97d-d965ccfc6d4b" outcome="Passed" testListId="8c84fa94-04c1-424b-9868-57a2d4851a1d" relativeResultsDirectory="13e142fd-9a5b-4c57-a4b2-4082c308aa5f" />
    <UnitTestResult executionId="b72e6532-1346-4886-bc43-8c11f0ac0e37" testId="7fb143db-a0eb-b824-bbfe-f0ba2dc215d9" testName="Servicos.CalculoImposto.Application.Tests.UseCases.CalcularImpostos.CalcularImpostoResponseTests.Record_NaoDeveSerIgual_QuandoPropriedadesDiferem" computerName="fcbf8f2d9f83" duration="00:00:00.0012075" startTime="2025-04-22T15:20:17.9516804+00:00" endTime="2025-04-22T15:20:17.9523350+00:00" testType="13cdc9d9-ddb5-4fa4-a97d-d965ccfc6d4b" outcome="Passed" testListId="8c84fa94-04c1-424b-9868-57a2d4851a1d" relativeResultsDirectory="b72e6532-1346-4886-bc43-8c11f0ac0e37" />
    <UnitTestResult executionId="158ab662-85be-4e14-8616-4cca7c5f6087" testId="ee5867cd-3865-cd2b-9a28-2cba597bb834" testName="Servicos.CalculoImposto.Application.Tests.UseCases.CalcularImpostos.CalcularImpostoCommandValidatorTests.Validador_DeveTerErro_QuandoPedidoIdForVazio" computerName="fcbf8f2d9f83" duration="00:00:00.0019955" startTime="2025-04-22T15:20:17.9527103+00:00" endTime="2025-04-22T15:20:17.9546398+00:00" testType="13cdc9d9-ddb5-4fa4-a97d-d965ccfc6d4b" outcome="Passed" testListId="8c84fa94-04c1-424b-9868-57a2d4851a1d" relativeResultsDirectory="158ab662-85be-4e14-8616-4cca7c5f6087" />
    <UnitTestResult executionId="487972d8-40c7-4f2f-9319-3dd010495e1d" testId="1e187761-803f-d9e3-4822-13ead05b3f67" testName="Servicos.CalculoImposto.Core.Tests.Entities.OutboxMessageTests.Constructor_ComTipoEventoInvalido_DeveLancarException(tipoInvalido: &quot; &quot;)" computerName="fcbf8f2d9f83" duration="00:00:00.0023115" startTime="2025-04-22T15:20:17.9244938+00:00" endTime="2025-04-22T15:20:17.9269526+00:00" testType="13cdc9d9-ddb5-4fa4-a97d-d965ccfc6d4b" outcome="Passed" testListId="8c84fa94-04c1-424b-9868-57a2d4851a1d" relativeResultsDirectory="487972d8-40c7-4f2f-9319-3dd010495e1d" />
    <UnitTestResult executionId="88affa7e-6480-4cf1-a2b7-bf168eaddcd9" testId="2c67628e-ff3d-9e81-46f4-739a79f70a76" testName="Servicos.CalculoImposto.Application.Tests.UseCases.PegarTodos.PegarTodosQueryTests.Construtor_DeveAceitarStatusNulo" computerName="fcbf8f2d9f83" duration="00:00:00.0072518" startTime="2025-04-22T15:20:17.9292204+00:00" endTime="2025-04-22T15:20:17.9293966+00:00" testType="13cdc9d9-ddb5-4fa4-a97d-d965ccfc6d4b" outcome="Passed" testListId="8c84fa94-04c1-424b-9868-57a2d4851a1d" relativeResultsDirectory="88affa7e-6480-4cf1-a2b7-bf168eaddcd9" />
    <UnitTestResult executionId="ce4bf7b9-7db2-4813-a320-e062e9ea91f3" testId="3667ad01-1186-15cf-9f51-eccd1bbeff45" testName="Servicos.CalculoImposto.Core.Tests.Entities.PedidoItemTests.Constructor_ComParametrosInvalidos_DeveLancarArgumentException(produtoId: 1, quantidade: 1, valor: -100.5)" computerName="fcbf8f2d9f83" duration="00:00:00.0011944" startTime="2025-04-22T15:20:17.8306460+00:00" endTime="2025-04-22T15:20:17.8307082+00:00" testType="13cdc9d9-ddb5-4fa4-a97d-d965ccfc6d4b" outcome="Passed" testListId="8c84fa94-04c1-424b-9868-57a2d4851a1d" relativeResultsDirectory="ce4bf7b9-7db2-4813-a320-e062e9ea91f3" />
    <UnitTestResult executionId="4679106d-2119-4e55-8b19-672b7562ae8b" testId="0e67f03b-ed3a-2dae-2589-759ec5a2d9aa" testName="Servicos.CalculoImposto.Application.Tests.UseCases.PegarPeloPedidoId.PegarPeloPedidoIdQueryBehaviorTests.Handle_QuandoPedidoNaoEstaNoCache_DeveChamarProximoHandler" computerName="fcbf8f2d9f83" duration="00:00:00.0119394" startTime="2025-04-22T15:20:17.9823304+00:00" endTime="2025-04-22T15:20:17.9944041+00:00" testType="13cdc9d9-ddb5-4fa4-a97d-d965ccfc6d4b" outcome="Passed" testListId="8c84fa94-04c1-424b-9868-57a2d4851a1d" relativeResultsDirectory="4679106d-2119-4e55-8b19-672b7562ae8b" />
    <UnitTestResult executionId="094a6176-9ed9-426c-9ae6-7174f83220dc" testId="7c8134b9-ceac-5319-2a97-eb63194f4a1f" testName="Servicos.CalculoImposto.Infra.Tests.Services.SerilogServiceTests.LogInformation_DeveChamarMetodoCorretoNoLogger" computerName="fcbf8f2d9f83" duration="00:00:00.0007893" startTime="2025-04-22T15:20:17.9831932+00:00" endTime="2025-04-22T15:20:17.9841872+00:00" testType="13cdc9d9-ddb5-4fa4-a97d-d965ccfc6d4b" outcome="Passed" testListId="8c84fa94-04c1-424b-9868-57a2d4851a1d" relativeResultsDirectory="094a6176-9ed9-426c-9ae6-7174f83220dc" />
    <UnitTestResult executionId="b23217e8-11b5-4ad1-9842-67607f377ef7" testId="992194cc-c8aa-cb8a-9fa7-88ddd14b4f3b" testName="Servicos.CalculoImposto.Core.Tests.Services.ImpostoServiceTests.CalcularImposto_ComStrategyImpostoEmVigor_DeveRetornarPor30Cento" computerName="fcbf8f2d9f83" duration="00:00:00.0002060" startTime="2025-04-22T15:20:17.9841116+00:00" endTime="2025-04-22T15:20:17.9850629+00:00" testType="13cdc9d9-ddb5-4fa4-a97d-d965ccfc6d4b" outcome="Passed" testListId="8c84fa94-04c1-424b-9868-57a2d4851a1d" relativeResultsDirectory="b23217e8-11b5-4ad1-9842-67607f377ef7" />
    <UnitTestResult executionId="4e944ff2-b274-4258-8648-52c14ffa9939" testId="5d2ebf93-78b8-6a8c-c145-f8d0629e797f" testName="Servicos.CalculoImposto.Core.Tests.Entities.PedidoTributadoTests.Constructor_ComParametrosValidos_DeveCriarObjetoCorretamente" computerName="fcbf8f2d9f83" duration="00:00:00.0093338" startTime="2025-04-22T15:20:17.9934889+00:00" endTime="2025-04-22T15:20:17.9949435+00:00" testType="13cdc9d9-ddb5-4fa4-a97d-d965ccfc6d4b" outcome="Passed" testListId="8c84fa94-04c1-424b-9868-57a2d4851a1d" relativeResultsDirectory="4e944ff2-b274-4258-8648-52c14ffa9939" />
    <UnitTestResult executionId="52f43ecc-ce36-407c-b291-71da954b45ca" testId="0d3ce4b6-b515-f434-e175-5358003cce83" testName="Servicos.CalculoImposto.Core.Tests.Events.PedidoTributadoSalvoEventTests.Constructor_ComClienteIdInvalido_DeveLancarException(idInvalido: -1)" computerName="fcbf8f2d9f83" duration="00:00:00.0021611" startTime="2025-04-22T15:20:17.9335190+00:00" endTime="2025-04-22T15:20:17.9356232+00:00" testType="13cdc9d9-ddb5-4fa4-a97d-d965ccfc6d4b" outcome="Passed" testListId="8c84fa94-04c1-424b-9868-57a2d4851a1d" relativeResultsDirectory="52f43ecc-ce36-407c-b291-71da954b45ca" />
    <UnitTestResult executionId="977347e4-0d8f-45d3-9834-ef22a7e2f752" testId="1ffe9d18-9c6a-cd4d-7cd9-f5c3401bcbc1" testName="Servicos.CalculoImposto.Application.Tests.UseCases.PegarPeloPedidoId.PegarPeloProdutoIdQueryValidatorTests.Validador_DevePassar_QuandoPedidoIdForValido(pedidoId: 100)" computerName="fcbf8f2d9f83" duration="00:00:00.0001680" startTime="2025-04-22T15:20:17.9386863+00:00" endTime="2025-04-22T15:20:17.9389367+00:00" testType="13cdc9d9-ddb5-4fa4-a97d-d965ccfc6d4b" outcome="Passed" testListId="8c84fa94-04c1-424b-9868-57a2d4851a1d" relativeResultsDirectory="977347e4-0d8f-45d3-9834-ef22a7e2f752" />
    <UnitTestResult executionId="c7725c07-1716-47c7-bb13-1f48f82927c9" testId="dc2c57ab-c1a5-33ef-9955-491dbfcb567a" testName="Servicos.CalculoImposto.Core.Tests.Services.ImpostoServiceTests.CalcularImposto_ComStrategyReformaTributaria_DeveRetornar20PorCento" computerName="fcbf8f2d9f83" duration="00:00:00.0004908" startTime="2025-04-22T15:20:17.9835122+00:00" endTime="2025-04-22T15:20:17.9838275+00:00" testType="13cdc9d9-ddb5-4fa4-a97d-d965ccfc6d4b" outcome="Passed" testListId="8c84fa94-04c1-424b-9868-57a2d4851a1d" relativeResultsDirectory="c7725c07-1716-47c7-bb13-1f48f82927c9" />
    <UnitTestResult executionId="6469395d-9055-4d9c-92ac-25c6745b5ad6" testId="a2381eec-8a1d-8187-8cc9-00278bc2d68a" testName="Servicos.CalculoImposto.Application.Tests.UseCases.PegarTodos.PegarTodosQueryTests.Propriedades_DevemSerModificaveis" computerName="fcbf8f2d9f83" duration="00:00:00.0017296" startTime="2025-04-22T15:20:17.9295351+00:00" endTime="2025-04-22T15:20:17.9296769+00:00" testType="13cdc9d9-ddb5-4fa4-a97d-d965ccfc6d4b" outcome="Passed" testListId="8c84fa94-04c1-424b-9868-57a2d4851a1d" relativeResultsDirectory="6469395d-9055-4d9c-92ac-25c6745b5ad6" />
    <UnitTestResult executionId="34d72397-0554-40cc-bf12-3abf053576ab" testId="57fc1ccd-d759-c2c4-44c5-dead2ec75820" testName="Servicos.CalculoImposto.Infra.Tests.Services.ProcessarOutboxJobTests.Executar_DeveMarcarComoFalha_QuandoOcorrerErro" computerName="fcbf8f2d9f83" duration="00:00:00.0274958" startTime="2025-04-22T15:20:17.9931559+00:00" endTime="2025-04-22T15:20:18.0132193+00:00" testType="13cdc9d9-ddb5-4fa4-a97d-d965ccfc6d4b" outcome="Passed" testListId="8c84fa94-04c1-424b-9868-57a2d4851a1d" relativeResultsDirectory="34d72397-0554-40cc-bf12-3abf053576ab" />
    <UnitTestResult executionId="9daab2e7-de11-4392-8e5b-de070ffd1742" testId="a65195af-8cf7-4dfa-50de-66440cc9670e" testName="Servicos.CalculoImposto.Application.Tests.UseCases.PegarPeloPedidoId.PegarPeloProdutoIdQueryValidatorTests.Validador_DevePassar_QuandoPedidoIdForValido(pedidoId: 1)" computerName="fcbf8f2d9f83" duration="00:00:00.0001800" startTime="2025-04-22T15:20:17.9381299+00:00" endTime="2025-04-22T15:20:17.9381762+00:00" testType="13cdc9d9-ddb5-4fa4-a97d-d965ccfc6d4b" outcome="Passed" testListId="8c84fa94-04c1-424b-9868-57a2d4851a1d" relativeResultsDirectory="9daab2e7-de11-4392-8e5b-de070ffd1742" />
    <UnitTestResult executionId="efccca62-c365-4a5f-899a-b7fc752eaab9" testId="bc5a5b8f-ae6f-3e3f-abb0-e827b8a5bafc" testName="Servicos.CalculoImposto.Application.Tests.UseCases.CalcularImpostos.CalcularImpostoCommandValidatorTests.Validador_DevePassar_QuandoForValido" computerName="fcbf8f2d9f83" duration="00:00:00.0034393" startTime="2025-04-22T15:20:17.9477122+00:00" endTime="2025-04-22T15:20:17.9503819+00:00" testType="13cdc9d9-ddb5-4fa4-a97d-d965ccfc6d4b" outcome="Passed" testListId="8c84fa94-04c1-424b-9868-57a2d4851a1d" relativeResultsDirectory="efccca62-c365-4a5f-899a-b7fc752eaab9" />
    <UnitTestResult executionId="dce74818-d38f-44b4-b21b-243d4ce07253" testId="4f8960de-010a-b6db-a56c-5815906ea483" testName="Servicos.CalculoImposto.Infra.Tests.Services.SerilogServiceTests.LogWarning_DeveChamarMetodoCorretoNoLogger" computerName="fcbf8f2d9f83" duration="00:00:00.0007423" startTime="2025-04-22T15:20:17.9849173+00:00" endTime="2025-04-22T15:20:17.9923159+00:00" testType="13cdc9d9-ddb5-4fa4-a97d-d965ccfc6d4b" outcome="Passed" testListId="8c84fa94-04c1-424b-9868-57a2d4851a1d" relativeResultsDirectory="dce74818-d38f-44b4-b21b-243d4ce07253" />
    <UnitTestResult executionId="d3778d32-e61d-4177-bccb-36d7d7bf331f" testId="9bf9125d-74c3-5dfd-857f-19f4149c943f" testName="Servicos.CalculoImposto.Application.Tests.Notifications.PedidoTributadoSalvoEvents.CachearPedidoResponseHandlerTests.Handle_DeveConverterItensCorretamente" computerName="fcbf8f2d9f83" duration="00:00:00.0109999" startTime="2025-04-22T15:20:18.0088286+00:00" endTime="2025-04-22T15:20:18.0119288+00:00" testType="13cdc9d9-ddb5-4fa4-a97d-d965ccfc6d4b" outcome="Passed" testListId="8c84fa94-04c1-424b-9868-57a2d4851a1d" relativeResultsDirectory="d3778d32-e61d-4177-bccb-36d7d7bf331f" />
    <UnitTestResult executionId="1d448833-a799-45b1-a2ed-1600f9a70cfa" testId="9f1ba8ab-2ba0-3db9-4baf-6571122ded29" testName="Servicos.CalculoImposto.Application.Tests.UseCases.PegarPeloPedidoId.PegarPeloPedidoIdQueryTests.Construtor_DeveInicializarPedidoIdCorretamente" computerName="fcbf8f2d9f83" duration="00:00:00.0010554" startTime="2025-04-22T15:20:17.9236652+00:00" endTime="2025-04-22T15:20:17.9237596+00:00" testType="13cdc9d9-ddb5-4fa4-a97d-d965ccfc6d4b" outcome="Passed" testListId="8c84fa94-04c1-424b-9868-57a2d4851a1d" relativeResultsDirectory="1d448833-a799-45b1-a2ed-1600f9a70cfa" />
    <UnitTestResult executionId="7ca7bb5f-62f2-49ee-9e96-e79a8b1a52af" testId="1cfcbd73-3766-0772-6601-fda8b7b21ac2" testName="Servicos.CalculoImposto.Application.Tests.UseCases.PegarTodos.PegarTodosQueryValidatorTests.Validador_DeveAceitarStatusValido" computerName="fcbf8f2d9f83" duration="00:00:00.0002396" startTime="2025-04-22T15:20:17.9486704+00:00" endTime="2025-04-22T15:20:17.9487284+00:00" testType="13cdc9d9-ddb5-4fa4-a97d-d965ccfc6d4b" outcome="Passed" testListId="8c84fa94-04c1-424b-9868-57a2d4851a1d" relativeResultsDirectory="7ca7bb5f-62f2-49ee-9e96-e79a8b1a52af" />
    <UnitTestResult executionId="a1b5206f-e95e-45b6-8ff0-842dc7d0b0b6" testId="44625cf9-2b94-56e4-a7fd-36ec60fa3b14" testName="Servicos.CalculoImposto.Application.Tests.UseCases.PegarTodos.PegarTodosQueryValidatorTests.Validador_DeveAceitarItensPorPaginaValidos(itensValidos: 100)" computerName="fcbf8f2d9f83" duration="00:00:00.0000254" startTime="2025-04-22T15:20:17.9471227+00:00" endTime="2025-04-22T15:20:17.9473042+00:00" testType="13cdc9d9-ddb5-4fa4-a97d-d965ccfc6d4b" outcome="Passed" testListId="8c84fa94-04c1-424b-9868-57a2d4851a1d" relativeResultsDirectory="a1b5206f-e95e-45b6-8ff0-842dc7d0b0b6" />
    <UnitTestResult executionId="5b4b4104-1f07-443e-9a81-9f7be9456bc3" testId="4ceb2d4a-866e-5e11-17e8-56bd1c100471" testName="Servicos.CalculoImposto.Core.Tests.Entities.PedidoTributadoTests.Constructor_ComParametrosInvalidos_DeveLancarArgumentException(pedidoId: 1, clienteId: -1, imposto: 10, paramEsperado: &quot;clienteId&quot;)" computerName="fcbf8f2d9f83" duration="00:00:00.0020621" startTime="2025-04-22T15:20:18.0128945+00:00" endTime="2025-04-22T15:20:18.0135848+00:00" testType="13cdc9d9-ddb5-4fa4-a97d-d965ccfc6d4b" outcome="Passed" testListId="8c84fa94-04c1-424b-9868-57a2d4851a1d" relativeResultsDirectory="5b4b4104-1f07-443e-9a81-9f7be9456bc3" />
    <UnitTestResult executionId="883b5da8-861b-4cf0-af44-4bf65528543f" testId="3453efa5-22f7-376d-5941-dabf6e9ad084" testName="Servicos.CalculoImposto.Core.Tests.Entities.PedidoTributadoTests.Constructor_ComListaItensVazia_DeveLancarException" computerName="fcbf8f2d9f83" duration="00:00:00.0024556" startTime="2025-04-22T15:20:17.9920821+00:00" endTime="2025-04-22T15:20:17.9933103+00:00" testType="13cdc9d9-ddb5-4fa4-a97d-d965ccfc6d4b" outcome="Passed" testListId="8c84fa94-04c1-424b-9868-57a2d4851a1d" relativeResultsDirectory="883b5da8-861b-4cf0-af44-4bf65528543f" />
    <UnitTestResult executionId="65009f48-89c1-48c8-bcbe-848e23386272" testId="e7a72748-126e-f055-01ea-3141dd876877" testName="Servicos.CalculoImposto.Application.Tests.UseCases.PegarPeloPedidoId.PegarPeloPedidoIdQueryTests.Record_DeveTerIgualdadePorValor" computerName="fcbf8f2d9f83" duration="00:00:00.0021108" startTime="2025-04-22T15:20:17.9239263+00:00" endTime="2025-04-22T15:20:17.9247304+00:00" testType="13cdc9d9-ddb5-4fa4-a97d-d965ccfc6d4b" outcome="Passed" testListId="8c84fa94-04c1-424b-9868-57a2d4851a1d" relativeResultsDirectory="65009f48-89c1-48c8-bcbe-848e23386272" />
    <UnitTestResult executionId="893660dd-d98c-4c36-ac23-2a6d57ed9d3f" testId="4474bacf-3d37-3127-64fc-659eadb0fb69" testName="Servicos.CalculoImposto.Application.Tests.UseCases.PegarTodos.PegarTodosQueryValidatorTests.Validador_DeveRejeitarStatusInvalido" computerName="fcbf8f2d9f83" duration="00:00:00.0002222" startTime="2025-04-22T15:20:17.9488308+00:00" endTime="2025-04-22T15:20:17.9488748+00:00" testType="13cdc9d9-ddb5-4fa4-a97d-d965ccfc6d4b" outcome="Passed" testListId="8c84fa94-04c1-424b-9868-57a2d4851a1d" relativeResultsDirectory="893660dd-d98c-4c36-ac23-2a6d57ed9d3f" />
    <UnitTestResult executionId="82352a81-3925-4435-bc12-a415eee7d83d" testId="ee12e7c2-0297-14ac-4c6b-b9d6045796a3" testName="Servicos.CalculoImposto.Application.Tests.UseCases.PegarPeloPedidoId.PegarPeloPedidoIdQueryBehaviorTests.Handle_QuandoRespostaEhFalha_NaoDeveInserirNoCache" computerName="fcbf8f2d9f83" duration="00:00:00.0042135" startTime="2025-04-22T15:20:17.9945179+00:00" endTime="2025-04-22T15:20:17.9971090+00:00" testType="13cdc9d9-ddb5-4fa4-a97d-d965ccfc6d4b" outcome="Passed" testListId="8c84fa94-04c1-424b-9868-57a2d4851a1d" relativeResultsDirectory="82352a81-3925-4435-bc12-a415eee7d83d" />
    <UnitTestResult executionId="d87c03ca-2493-4913-ac5f-bbc8c888bd17" testId="a3df2962-cb2e-c362-b923-50a3fa4517ba" testName="Servicos.CalculoImposto.Core.Tests.Events.PedidoTributadoSalvoEventTests.Constructor_ComPedidoIdInvalido_DeveLancarException(idInvalido: -1)" computerName="fcbf8f2d9f83" duration="00:00:00.0093439" startTime="2025-04-22T15:20:17.9465370+00:00" endTime="2025-04-22T15:20:17.9478913+00:00" testType="13cdc9d9-ddb5-4fa4-a97d-d965ccfc6d4b" outcome="Passed" testListId="8c84fa94-04c1-424b-9868-57a2d4851a1d" relativeResultsDirectory="d87c03ca-2493-4913-ac5f-bbc8c888bd17" />
    <UnitTestResult executionId="1d49244f-4d1a-4d86-8a01-02692e5e3c01" testId="bb130d3f-c409-ed84-d14e-54d58bf4e975" testName="Servicos.CalculoImposto.Infra.Tests.Services.SerilogServiceTests.LogError_DeveChamarMetodoCorretoNoLogger" computerName="fcbf8f2d9f83" duration="00:00:00.0261733" startTime="2025-04-22T15:20:17.9547483+00:00" endTime="2025-04-22T15:20:17.9823771+00:00" testType="13cdc9d9-ddb5-4fa4-a97d-d965ccfc6d4b" outcome="Passed" testListId="8c84fa94-04c1-424b-9868-57a2d4851a1d" relativeResultsDirectory="1d49244f-4d1a-4d86-8a01-02692e5e3c01" />
    <UnitTestResult executionId="2caeb30b-8821-4711-83d8-162b8bc3f632" testId="71760c2c-33e3-a8be-9519-b064e0ddb768" testName="Servicos.CalculoImposto.Application.Tests.UseCases.PegarPeloPedidoId.PegarPeloPedidoIdQueryTests.PropriedadePedidoId_DeveSerModificavel" computerName="fcbf8f2d9f83" duration="00:00:00.6174811" startTime="2025-04-22T15:20:17.2996411+00:00" endTime="2025-04-22T15:20:17.9071402+00:00" testType="13cdc9d9-ddb5-4fa4-a97d-d965ccfc6d4b" outcome="Passed" testListId="8c84fa94-04c1-424b-9868-57a2d4851a1d" relativeResultsDirectory="2caeb30b-8821-4711-83d8-162b8bc3f632" />
    <UnitTestResult executionId="dd434d5b-32f4-4a02-84b0-ccf33e4ab04b" testId="9d68a07d-9def-8a79-b7da-34fa3e969bd0" testName="Servicos.CalculoImposto.Core.Tests.Entities.OutboxMessageTests.Constructor_ComTipoEventoInvalido_DeveLancarException(tipoInvalido: &quot;&quot;)" computerName="fcbf8f2d9f83" duration="00:00:00.0040419" startTime="2025-04-22T15:20:17.9285820+00:00" endTime="2025-04-22T15:20:17.9292705+00:00" testType="13cdc9d9-ddb5-4fa4-a97d-d965ccfc6d4b" outcome="Passed" testListId="8c84fa94-04c1-424b-9868-57a2d4851a1d" relativeResultsDirectory="dd434d5b-32f4-4a02-84b0-ccf33e4ab04b" />
    <UnitTestResult executionId="d90fd687-51cc-41f4-8ba9-14a81388dd2b" testId="cfcf8e79-9df9-8ee5-7273-6e03ce52a992" testName="Servicos.CalculoImposto.Application.Tests.UseCases.CalcularImpostos.CalcularImpostoResponseTests.ToString_DeveRetornarFormatoEsperado" computerName="fcbf8f2d9f83" duration="00:00:00.0021086" startTime="2025-04-22T15:20:17.9524253+00:00" endTime="2025-04-22T15:20:17.9545192+00:00" testType="13cdc9d9-ddb5-4fa4-a97d-d965ccfc6d4b" outcome="Passed" testListId="8c84fa94-04c1-424b-9868-57a2d4851a1d" relativeResultsDirectory="d90fd687-51cc-41f4-8ba9-14a81388dd2b" />
    <UnitTestResult executionId="f13db12b-b6d5-4737-8193-3e0107b255d1" testId="7c13067b-7276-a49e-41bf-a5f2d792c9a4" testName="Servicos.CalculoImposto.Core.Tests.Entities.PedidoTributadoTests.Constructor_ComParametrosInvalidos_DeveLancarArgumentException(pedidoId: 1, clienteId: 0, imposto: 10, paramEsperado: &quot;clienteId&quot;)" computerName="fcbf8f2d9f83" duration="00:00:00.0020384" startTime="2025-04-22T15:20:17.9962261+00:00" endTime="2025-04-22T15:20:17.9992752+00:00" testType="13cdc9d9-ddb5-4fa4-a97d-d965ccfc6d4b" outcome="Passed" testListId="8c84fa94-04c1-424b-9868-57a2d4851a1d" relativeResultsDirectory="f13db12b-b6d5-4737-8193-3e0107b255d1" />
    <UnitTestResult executionId="7214443d-e891-4f17-8601-1ad366b4ab9c" testId="dc9e2a2f-6260-1995-2889-b3f2862ce59e" testName="Servicos.CalculoImposto.Core.Tests.Entities.OutboxMessageTests.Constructor_DeveInicializarCorretamente" computerName="fcbf8f2d9f83" duration="00:00:00.6210005" startTime="2025-04-22T15:20:17.2988859+00:00" endTime="2025-04-22T15:20:17.9243387+00:00" testType="13cdc9d9-ddb5-4fa4-a97d-d965ccfc6d4b" outcome="Passed" testListId="8c84fa94-04c1-424b-9868-57a2d4851a1d" relativeResultsDirectory="7214443d-e891-4f17-8601-1ad366b4ab9c" />
    <UnitTestResult executionId="23cf485f-d41a-47d2-a0ba-88e4c123a6a0" testId="aa5ac9c3-fff8-fee9-7f4c-05017c26880c" testName="Servicos.CalculoImposto.Infra.Tests.Services.CacheServiceTests.Existe_DeveRetornarTrue_QuandoChaveExiste" computerName="fcbf8f2d9f83" duration="00:00:00.0008195" startTime="2025-04-22T15:20:17.9756087+00:00" endTime="2025-04-22T15:20:17.9766362+00:00" testType="13cdc9d9-ddb5-4fa4-a97d-d965ccfc6d4b" outcome="Passed" testListId="8c84fa94-04c1-424b-9868-57a2d4851a1d" relativeResultsDirectory="23cf485f-d41a-47d2-a0ba-88e4c123a6a0" />
    <UnitTestResult executionId="42c2fdad-05f2-426f-8f67-a488dd2d6abe" testId="a55f1489-8904-2023-0c9c-0b45f3dedbf3" testName="Servicos.CalculoImposto.Core.Tests.Entities.OutboxMessageTests.Constructor_ComPayloadInvalido_DeveLancarException(payloadInvalido: &quot; &quot;)" computerName="fcbf8f2d9f83" duration="00:00:00.0018498" startTime="2025-04-22T15:20:17.9296550+00:00" endTime="2025-04-22T15:20:17.9304452+00:00" testType="13cdc9d9-ddb5-4fa4-a97d-d965ccfc6d4b" outcome="Passed" testListId="8c84fa94-04c1-424b-9868-57a2d4851a1d" relativeResultsDirectory="42c2fdad-05f2-426f-8f67-a488dd2d6abe" />
    <UnitTestResult executionId="7f4f71a1-5f85-418e-b360-c843104dbd3e" testId="d019115a-d031-3164-d7ee-4b3663262540" testName="Servicos.CalculoImposto.Core.Tests.BaseEntities.AggregateRootTests.RaiseEvent_MultiplosEventos_DeveManterTodos(quantidadeEventos: 5)" computerName="fcbf8f2d9f83" duration="00:00:00.0238956" startTime="2025-04-22T15:20:17.9765470+00:00" endTime="2025-04-22T15:20:18.0089154+00:00" testType="13cdc9d9-ddb5-4fa4-a97d-d965ccfc6d4b" outcome="Passed" testListId="8c84fa94-04c1-424b-9868-57a2d4851a1d" relativeResultsDirectory="7f4f71a1-5f85-418e-b360-c843104dbd3e" />
    <UnitTestResult executionId="58768eb4-9781-4985-8db5-c01a605ad773" testId="882cf64e-636d-5ba8-2f6e-4a706d855805" testName="Servicos.CalculoImposto.Application.Tests.UseCases.PegarTodos.PegarTodosQueryTests.Construtor_DeveInicializarPropriedadesCorretamente" computerName="fcbf8f2d9f83" duration="00:00:00.0031162" startTime="2025-04-22T15:20:17.9079671+00:00" endTime="2025-04-22T15:20:17.9240734+00:00" testType="13cdc9d9-ddb5-4fa4-a97d-d965ccfc6d4b" outcome="Passed" testListId="8c84fa94-04c1-424b-9868-57a2d4851a1d" relativeResultsDirectory="58768eb4-9781-4985-8db5-c01a605ad773" />
    <UnitTestResult executionId="04fc6749-5004-49b1-a43c-bf543d0c2a81" testId="1fca59fa-a1b3-b7e9-5d23-3f8ab398f13f" testName="Servicos.CalculoImposto.Application.Tests.UseCases.PegarTodos.PegarTodosQueryTests.Record_NaoDeveSerIgual_QuandoPropriedadesDiferem" computerName="fcbf8f2d9f83" duration="00:00:00.0031074" startTime="2025-04-22T15:20:17.9246915+00:00" endTime="2025-04-22T15:20:17.9289935+00:00" testType="13cdc9d9-ddb5-4fa4-a97d-d965ccfc6d4b" outcome="Passed" testListId="8c84fa94-04c1-424b-9868-57a2d4851a1d" relativeResultsDirectory="04fc6749-5004-49b1-a43c-bf543d0c2a81" />
    <UnitTestResult executionId="4f7a1cb3-537e-4714-8994-054d6986c955" testId="a9aca0e8-41e6-5fd2-6de7-4aff2da6b5ef" testName="Servicos.CalculoImposto.Application.Tests.UseCases.PegarTodos.PegarTodosQueryTests.DeveImplementarIRequest" computerName="fcbf8f2d9f83" duration="00:00:00.0012797" startTime="2025-04-22T15:20:17.9242478+00:00" endTime="2025-04-22T15:20:17.9245531+00:00" testType="13cdc9d9-ddb5-4fa4-a97d-d965ccfc6d4b" outcome="Passed" testListId="8c84fa94-04c1-424b-9868-57a2d4851a1d" relativeResultsDirectory="4f7a1cb3-537e-4714-8994-054d6986c955" />
    <UnitTestResult executionId="29325b37-3f0a-41f5-8445-d743a5f2434b" testId="485392c1-c390-7351-c4b2-11b82b252305" testName="Servicos.CalculoImposto.Core.Tests.Services.ImpostoServiceTests.CalcularImposto_ComValorInvalido_DeveLancarArgumentException(valorInvalido: -100)" computerName="fcbf8f2d9f83" duration="00:00:00.0003459" startTime="2025-04-22T15:20:17.9818155+00:00" endTime="2025-04-22T15:20:17.9832617+00:00" testType="13cdc9d9-ddb5-4fa4-a97d-d965ccfc6d4b" outcome="Passed" testListId="8c84fa94-04c1-424b-9868-57a2d4851a1d" relativeResultsDirectory="29325b37-3f0a-41f5-8445-d743a5f2434b" />
    <UnitTestResult executionId="3c0ef622-595a-4a4d-a334-1352417fef16" testId="5f25646b-3042-cbfd-cafa-f7e80ba6afb2" testName="Servicos.CalculoImposto.Infra.Tests.Services.FeatureFlagProviderTests.IsEnabled_DeveRetornarCorretamente_BaseadoNaConfiguracao(configValue: &quot;true&quot;, expected: True)" computerName="fcbf8f2d9f83" duration="00:00:00.6872300" startTime="2025-04-22T15:20:17.2996796+00:00" endTime="2025-04-22T15:20:17.9768865+00:00" testType="13cdc9d9-ddb5-4fa4-a97d-d965ccfc6d4b" outcome="Passed" testListId="8c84fa94-04c1-424b-9868-57a2d4851a1d" relativeResultsDirectory="3c0ef622-595a-4a4d-a334-1352417fef16" />
    <UnitTestResult executionId="072ea5ca-df0c-46d2-b8d7-a2fb41df34be" testId="229030af-178d-89eb-8e4a-f21ef43265a7" testName="Servicos.CalculoImposto.Core.Tests.Events.PedidoTributadoSalvoEventTests.Constructor_ComListaItensVazia_DeveLancarException" computerName="fcbf8f2d9f83" duration="00:00:00.0015965" startTime="2025-04-22T15:20:17.9307864+00:00" endTime="2025-04-22T15:20:17.9310355+00:00" testType="13cdc9d9-ddb5-4fa4-a97d-d965ccfc6d4b" outcome="Passed" testListId="8c84fa94-04c1-424b-9868-57a2d4851a1d" relativeResultsDirectory="072ea5ca-df0c-46d2-b8d7-a2fb41df34be" />
    <UnitTestResult executionId="e7557c08-ec48-4feb-94fb-695d8b561938" testId="9215dc92-875d-2af6-d596-5ccf4d12a1a2" testName="Servicos.CalculoImposto.Application.Tests.UseCases.PegarTodos.PegarTodosHandlerTests.Handle_DeveConverterCorretamenteParaRespostaPadronizada" computerName="fcbf8f2d9f83" duration="00:00:00.0093916" startTime="2025-04-22T15:20:18.0109527+00:00" endTime="2025-04-22T15:20:18.0137810+00:00" testType="13cdc9d9-ddb5-4fa4-a97d-d965ccfc6d4b" outcome="Passed" testListId="8c84fa94-04c1-424b-9868-57a2d4851a1d" relativeResultsDirectory="e7557c08-ec48-4feb-94fb-695d8b561938" />
    <UnitTestResult executionId="8dfcdac0-7f46-4094-b4bc-635b1963f17b" testId="014a2805-f165-df5d-5774-1b5cd070a4e6" testName="Servicos.CalculoImposto.Infra.Tests.Services.ProcessarOutboxJobTests.Executar_NaoDeveFazerNada_QuandoNaoHouverMensagensPendentes" computerName="fcbf8f2d9f83" duration="00:00:00.0006236" startTime="2025-04-22T15:20:18.0133785+00:00" endTime="2025-04-22T15:20:18.0134517+00:00" testType="13cdc9d9-ddb5-4fa4-a97d-d965ccfc6d4b" outcome="Passed" testListId="8c84fa94-04c1-424b-9868-57a2d4851a1d" relativeResultsDirectory="8dfcdac0-7f46-4094-b4bc-635b1963f17b" />
    <UnitTestResult executionId="99d62718-6191-45ce-b732-346bce6a1b50" testId="8af4de82-9325-9184-164f-40b591a6ab49" testName="Servicos.CalculoImposto.Core.Tests.Events.PedidoTributadoSalvoEventTests.Constructor_ComPedidoIdInvalido_DeveLancarException(idInvalido: 0)" computerName="fcbf8f2d9f83" duration="00:00:00.0023514" startTime="2025-04-22T15:20:17.9358142+00:00" endTime="2025-04-22T15:20:17.9464861+00:00" testType="13cdc9d9-ddb5-4fa4-a97d-d965ccfc6d4b" outcome="Passed" testListId="8c84fa94-04c1-424b-9868-57a2d4851a1d" relativeResultsDirectory="99d62718-6191-45ce-b732-346bce6a1b50" />
    <UnitTestResult executionId="9be04081-ebe2-4a94-ba09-cdde64e7264f" testId="ddb4b07b-8650-776d-dc1d-9ade40d881b5" testName="Servicos.CalculoImposto.Infra.Tests.Services.FeatureFlagProviderTests.IsEnabled_DeveRetornarValorDoCache_QuandoFeatureEstaEmCache" computerName="fcbf8f2d9f83" duration="00:00:00.0005877" startTime="2025-04-22T15:20:17.9837673+00:00" endTime="2025-04-22T15:20:17.9856596+00:00" testType="13cdc9d9-ddb5-4fa4-a97d-d965ccfc6d4b" outcome="Passed" testListId="8c84fa94-04c1-424b-9868-57a2d4851a1d" relativeResultsDirectory="9be04081-ebe2-4a94-ba09-cdde64e7264f" />
    <UnitTestResult executionId="edcdb172-e04e-44dc-8a9a-fde4aca62aa2" testId="b9eac52a-1ac5-4f8d-dd3f-abde61c1755c" testName="Servicos.CalculoImposto.Application.Tests.Notifications.PedidoTributadoSalvoEvents.CachearPedidoResponseHandlerTests.Handle_DeveUsarChaveDeCacheCorreta" computerName="fcbf8f2d9f83" duration="00:00:00.0124204" startTime="2025-04-22T15:20:17.9814979+00:00" endTime="2025-04-22T15:20:17.9946290+00:00" testType="13cdc9d9-ddb5-4fa4-a97d-d965ccfc6d4b" outcome="Passed" testListId="8c84fa94-04c1-424b-9868-57a2d4851a1d" relativeResultsDirectory="edcdb172-e04e-44dc-8a9a-fde4aca62aa2" />
    <UnitTestResult executionId="b80203e7-27af-485f-b87d-ab8063864a5b" testId="c74145a0-3df7-0f77-17d4-9e3254f0b86f" testName="Servicos.CalculoImposto.Infra.Tests.Services.FeatureFlagProviderTests.IsEnabled_DeveAdicionarAoCache_AposPrimeiraConsulta" computerName="fcbf8f2d9f83" duration="00:00:00.0030638" startTime="2025-04-22T15:20:17.9780367+00:00" endTime="2025-04-22T15:20:17.9819142+00:00" testType="13cdc9d9-ddb5-4fa4-a97d-d965ccfc6d4b" outcome="Passed" testListId="8c84fa94-04c1-424b-9868-57a2d4851a1d" relativeResultsDirectory="b80203e7-27af-485f-b87d-ab8063864a5b" />
    <UnitTestResult executionId="53e68b1a-f46d-4f28-92b2-ad224500ec03" testId="3530a1cf-7cb6-654f-2b16-94cde46e166b" testName="Servicos.CalculoImposto.Application.Tests.UseCases.PegarPeloPedidoId.PegarPeloPedidoIdQueryTests.DeveImplementarIRequest" computerName="fcbf8f2d9f83" duration="00:00:00.0019817" startTime="2025-04-22T15:20:17.9075204+00:00" endTime="2025-04-22T15:20:17.9233662+00:00" testType="13cdc9d9-ddb5-4fa4-a97d-d965ccfc6d4b" outcome="Passed" testListId="8c84fa94-04c1-424b-9868-57a2d4851a1d" relativeResultsDirectory="53e68b1a-f46d-4f28-92b2-ad224500ec03" />
    <UnitTestResult executionId="21a456ae-94b8-4798-b75d-59bc8bab27a0" testId="55e99036-f08d-0b91-0422-adcde7382241" testName="Servicos.CalculoImposto.Core.Tests.Entities.PedidoItemTests.Constructor_ComParametrosInvalidos_DeveLancarArgumentException(produtoId: 0, quantidade: 1, valor: 100.5)" computerName="fcbf8f2d9f83" duration="00:00:00.5348319" startTime="2025-04-22T15:20:17.2995707+00:00" endTime="2025-04-22T15:20:17.8256391+00:00" testType="13cdc9d9-ddb5-4fa4-a97d-d965ccfc6d4b" outcome="Passed" testListId="8c84fa94-04c1-424b-9868-57a2d4851a1d" relativeResultsDirectory="21a456ae-94b8-4798-b75d-59bc8bab27a0" />
    <UnitTestResult executionId="79575025-83ad-4957-8b9e-02b5696c27cb" testId="7fe5e40b-7ead-9739-bf6c-2f2d91819c10" testName="Servicos.CalculoImposto.Application.Tests.Notifications.PedidoTributadoSalvoEvents.NotificarProdutoExternoBHandlerTests.Handle_DeveChamarSaveChangesAsync" computerName="fcbf8f2d9f83" duration="00:00:00.0024147" startTime="2025-04-22T15:20:18.0361529+00:00" endTime="2025-04-22T15:20:18.0379046+00:00" testType="13cdc9d9-ddb5-4fa4-a97d-d965ccfc6d4b" outcome="Passed" testListId="8c84fa94-04c1-424b-9868-57a2d4851a1d" relativeResultsDirectory="79575025-83ad-4957-8b9e-02b5696c27cb" />
    <UnitTestResult executionId="9b5e3206-e28c-4385-b7d7-512cecedbc9d" testId="1d887729-89da-7dc4-c11d-4fb6fedbd484" testName="Servicos.CalculoImposto.Application.Tests.UseCases.PegarPeloPedidoId.PegarPeloProdutoIdQueryValidatorTests.Validador_DeveTerErro_QuandoPedidoIdForZero" computerName="fcbf8f2d9f83" duration="00:00:00.0001289" startTime="2025-04-22T15:20:17.9464433+00:00" endTime="2025-04-22T15:20:17.9471604+00:00" testType="13cdc9d9-ddb5-4fa4-a97d-d965ccfc6d4b" outcome="Passed" testListId="8c84fa94-04c1-424b-9868-57a2d4851a1d" relativeResultsDirectory="9b5e3206-e28c-4385-b7d7-512cecedbc9d" />
    <UnitTestResult executionId="7755c95d-1a42-4397-a116-4ad6c06f3b29" testId="aa30d396-cfd7-2e1e-2533-58697254cd1e" testName="Servicos.CalculoImposto.Application.Tests.UseCases.CalcularImpostos.CalcularImpostoCommandTests.Propriedades_DevemSerPublicasParaEscrita" computerName="fcbf8f2d9f83" duration="00:00:00.0072085" startTime="2025-04-22T15:20:17.9957737+00:00" endTime="2025-04-22T15:20:18.0092300+00:00" testType="13cdc9d9-ddb5-4fa4-a97d-d965ccfc6d4b" outcome="Passed" testListId="8c84fa94-04c1-424b-9868-57a2d4851a1d" relativeResultsDirectory="7755c95d-1a42-4397-a116-4ad6c06f3b29" />
    <UnitTestResult executionId="2271dd54-38d2-43d5-9ea8-095e36f4327d" testId="cf66b0b8-a7ca-d41c-ae62-5ba4f771cb6d" testName="Servicos.CalculoImposto.Application.Tests.UseCases.PegarTodos.PegarTodosHandlerTests.Handle_DeveRetornarSucessoComDadosPaginados" computerName="fcbf8f2d9f83" duration="00:00:00.0193713" startTime="2025-04-22T15:20:17.9932170+00:00" endTime="2025-04-22T15:20:18.0097219+00:00" testType="13cdc9d9-ddb5-4fa4-a97d-d965ccfc6d4b" outcome="Passed" testListId="8c84fa94-04c1-424b-9868-57a2d4851a1d" relativeResultsDirectory="2271dd54-38d2-43d5-9ea8-095e36f4327d" />
    <UnitTestResult executionId="9ad29f0a-de36-4c41-921c-499ffa682ab0" testId="457b90c6-010e-4eeb-c0bd-a5c907dd092b" testName="Servicos.CalculoImposto.Application.Tests.UseCases.PegarPeloPedidoId.PegarPeloProdutoIdQueryValidatorTests.Validador_DevePassar_QuandoPedidoIdForPositivo" computerName="fcbf8f2d9f83" duration="00:00:00.0002217" startTime="2025-04-22T15:20:17.9379058+00:00" endTime="2025-04-22T15:20:17.9379710+00:00" testType="13cdc9d9-ddb5-4fa4-a97d-d965ccfc6d4b" outcome="Passed" testListId="8c84fa94-04c1-424b-9868-57a2d4851a1d" relativeResultsDirectory="9ad29f0a-de36-4c41-921c-499ffa682ab0" />
    <UnitTestResult executionId="780b8fe8-2636-4bb0-b49d-31929a159274" testId="98507bfc-0147-467c-04e3-b2845aeea176" testName="Servicos.CalculoImposto.Application.Tests.UseCases.PegarTodos.PegarTodosQueryValidatorTests.Validador_DeveRejeitarItensPorPaginaMenorQue1(itensInvalidos: 0)" computerName="fcbf8f2d9f83" duration="00:00:00.0003184" startTime="2025-04-22T15:20:17.9485137+00:00" endTime="2025-04-22T15:20:17.9485649+00:00" testType="13cdc9d9-ddb5-4fa4-a97d-d965ccfc6d4b" outcome="Passed" testListId="8c84fa94-04c1-424b-9868-57a2d4851a1d" relativeResultsDirectory="780b8fe8-2636-4bb0-b49d-31929a159274" />
    <UnitTestResult executionId="9d885f25-0e46-4e08-a727-717f02265eca" testId="c087fb45-9c53-6e38-d643-2ce411a68047" testName="Servicos.CalculoImposto.Application.Tests.UseCases.CalcularImpostos.CalcularImpostoResponseTests.Construtor_DeveInicializarPropriedadesCorretamente" computerName="fcbf8f2d9f83" duration="00:00:00.0008957" startTime="2025-04-22T15:20:17.9546158+00:00" endTime="2025-04-22T15:20:17.9554699+00:00" testType="13cdc9d9-ddb5-4fa4-a97d-d965ccfc6d4b" outcome="Passed" testListId="8c84fa94-04c1-424b-9868-57a2d4851a1d" relativeResultsDirectory="9d885f25-0e46-4e08-a727-717f02265eca" />
    <UnitTestResult executionId="56617ba4-73a2-420e-8ff3-e37dc619b433" testId="036dcf9f-c8d1-c005-76ac-203e5f285a04" testName="Servicos.CalculoImposto.Application.Tests.Notifications.PedidoTributadoSalvoEvents.CachearPedidoResponseHandlerTests.Handle_DeveCriarModelCorretamente" computerName="fcbf8f2d9f83" duration="00:00:00.0049484" startTime="2025-04-22T15:20:18.0120729+00:00" endTime="2025-04-22T15:20:18.0155121+00:00" testType="13cdc9d9-ddb5-4fa4-a97d-d965ccfc6d4b" outcome="Passed" testListId="8c84fa94-04c1-424b-9868-57a2d4851a1d" relativeResultsDirectory="56617ba4-73a2-420e-8ff3-e37dc619b433" />
    <UnitTestResult executionId="6dab3533-9845-432f-b614-5d4becc87636" testId="1f253a90-9370-71d0-af47-f6c6e99648fa" testName="Servicos.CalculoImposto.Application.Tests.UseCases.PegarPeloPedidoId.PegarPeloPedidoIdHandlerTests.Handle_QuandoPedidoNaoExiste_DeveRetornarErro" computerName="fcbf8f2d9f83" duration="00:00:00.0141584" startTime="2025-04-22T15:20:17.9975420+00:00" endTime="2025-04-22T15:20:18.0130369+00:00" testType="13cdc9d9-ddb5-4fa4-a97d-d965ccfc6d4b" outcome="Passed" testListId="8c84fa94-04c1-424b-9868-57a2d4851a1d" relativeResultsDirectory="6dab3533-9845-432f-b614-5d4becc87636" />
    <UnitTestResult executionId="cfe6e1c8-57e2-4f8a-ba1e-565b382de5e1" testId="0fc06239-bea2-9c2f-1486-5ae52ec1e66f" testName="Servicos.CalculoImposto.Application.Tests.Notifications.PedidoTributadoSalvoEvents.NotificarProdutoExternoBHandlerTests.Handle_DeveInserirMensagemOutboxCorretamente" computerName="fcbf8f2d9f83" duration="00:00:00.0532632" startTime="2025-04-22T15:20:17.9922464+00:00" endTime="2025-04-22T15:20:18.0354295+00:00" testType="13cdc9d9-ddb5-4fa4-a97d-d965ccfc6d4b" outcome="Passed" testListId="8c84fa94-04c1-424b-9868-57a2d4851a1d" relativeResultsDirectory="cfe6e1c8-57e2-4f8a-ba1e-565b382de5e1" />
    <UnitTestResult executionId="7fdbfee3-8502-433e-bd02-27b020355a5d" testId="be48dade-9e55-0980-c896-85a76221cc4e" testName="Servicos.CalculoImposto.Core.Tests.Entities.OutboxMessageTests.Propriedades_DevemTerAcessibilidadeCorreta" computerName="fcbf8f2d9f83" duration="00:00:00.0012753" startTime="2025-04-22T15:20:17.9309779+00:00" endTime="2025-04-22T15:20:17.9312372+00:00" testType="13cdc9d9-ddb5-4fa4-a97d-d965ccfc6d4b" outcome="Passed" testListId="8c84fa94-04c1-424b-9868-57a2d4851a1d" relativeResultsDirectory="7fdbfee3-8502-433e-bd02-27b020355a5d" />
    <UnitTestResult executionId="e8b00816-dcba-4642-89e2-d633217ed837" testId="df720706-bf0e-2a6a-c1a4-4c091ceb62cd" testName="Servicos.CalculoImposto.Core.Tests.Entities.PedidoTributadoTests.Cancelar_QuandoJaCancelado_NaoDeveAlterarDataNovamente" computerName="fcbf8f2d9f83" duration="00:00:00.0011310" startTime="2025-04-22T15:20:18.0164114+00:00" endTime="2025-04-22T15:20:18.0175139+00:00" testType="13cdc9d9-ddb5-4fa4-a97d-d965ccfc6d4b" outcome="Passed" testListId="8c84fa94-04c1-424b-9868-57a2d4851a1d" relativeResultsDirectory="e8b00816-dcba-4642-89e2-d633217ed837" />
    <UnitTestResult executionId="e0d6e41c-4355-47ec-8459-70ce7e439367" testId="0024c29b-06d8-da9b-d5cf-52b124e8e1da" testName="Servicos.CalculoImposto.Application.Tests.UseCases.PegarPeloPedidoId.PegarPeloPedidoIdHandlerTests.Handle_DeveConverterItensCorretamente" computerName="fcbf8f2d9f83" duration="00:00:00.0030041" startTime="2025-04-22T15:20:18.0131793+00:00" endTime="2025-04-22T15:20:18.0148778+00:00" testType="13cdc9d9-ddb5-4fa4-a97d-d965ccfc6d4b" outcome="Passed" testListId="8c84fa94-04c1-424b-9868-57a2d4851a1d" relativeResultsDirectory="e0d6e41c-4355-47ec-8459-70ce7e439367" />
    <UnitTestResult executionId="810ac95c-019a-4aad-9afd-eaec1148c5fb" testId="fb88f601-bca1-70b8-12be-bce74d2fd7b1" testName="Servicos.CalculoImposto.Core.Tests.Entities.PedidoItemTests.Constructor_ComParametrosValidos_DeveCriarObjetoCorretamente" computerName="fcbf8f2d9f83" duration="00:00:00.0795105" startTime="2025-04-22T15:20:17.8315326+00:00" endTime="2025-04-22T15:20:17.9082115+00:00" testType="13cdc9d9-ddb5-4fa4-a97d-d965ccfc6d4b" outcome="Passed" testListId="8c84fa94-04c1-424b-9868-57a2d4851a1d" relativeResultsDirectory="810ac95c-019a-4aad-9afd-eaec1148c5fb" />
    <UnitTestResult executionId="b3bca908-018c-4b9e-9c51-cbbf3dd5eca2" testId="10f9e030-adf4-bc98-563f-139557f849a6" testName="Servicos.CalculoImposto.Core.Tests.Events.PedidoTributadoSalvoEventTests.Constructor_ComPedidoComImpostoIdInvalido_DeveLancarException(idInvalido: 0)" computerName="fcbf8f2d9f83" duration="00:00:00.0036875" startTime="2025-04-22T15:20:17.9298102+00:00" endTime="2025-04-22T15:20:17.9306287+00:00" testType="13cdc9d9-ddb5-4fa4-a97d-d965ccfc6d4b" outcome="Passed" testListId="8c84fa94-04c1-424b-9868-57a2d4851a1d" relativeResultsDirectory="b3bca908-018c-4b9e-9c51-cbbf3dd5eca2" />
    <UnitTestResult executionId="9367a1fc-47d7-4d71-9419-0b1ffc5424aa" testId="64c1322d-a720-778d-b176-d48b9e548c8c" testName="Servicos.CalculoImposto.Core.Tests.Entities.PedidoItemTests.Constructor_ComParametrosInvalidos_DeveLancarArgumentException(produtoId: 1, quantidade: 0, valor: 100.5)" computerName="fcbf8f2d9f83" duration="00:00:00.0009596" startTime="2025-04-22T15:20:17.8310315+00:00" endTime="2025-04-22T15:20:17.8310673+00:00" testType="13cdc9d9-ddb5-4fa4-a97d-d965ccfc6d4b" outcome="Passed" testListId="8c84fa94-04c1-424b-9868-57a2d4851a1d" relativeResultsDirectory="9367a1fc-47d7-4d71-9419-0b1ffc5424aa" />
    <UnitTestResult executionId="cc55e22e-3ac8-4ede-85ea-0b4507b560a9" testId="9da7e4e1-ecd9-6777-8c2a-fd7860302889" testName="Servicos.CalculoImposto.Application.Tests.UseCases.PegarPeloPedidoId.PegarPeloProdutoIdQueryValidatorTests.Validador_DeveTerErro_QuandoPedidoIdForVazio" computerName="fcbf8f2d9f83" duration="00:00:00.6468494" startTime="2025-04-22T15:20:17.2996285+00:00" endTime="2025-04-22T15:20:17.9364685+00:00" testType="13cdc9d9-ddb5-4fa4-a97d-d965ccfc6d4b" outcome="Passed" testListId="8c84fa94-04c1-424b-9868-57a2d4851a1d" relativeResultsDirectory="cc55e22e-3ac8-4ede-85ea-0b4507b560a9" />
    <UnitTestResult executionId="ac30a57a-46f7-4578-95fc-6366824be6c9" testId="a45bff53-43ef-92de-71e3-57e321896f79" testName="Servicos.CalculoImposto.Infra.Tests.Services.FeatureFlagProviderTests.IsEnabled_DeveRetornarCorretamente_BaseadoNaConfiguracao(configValue: &quot;&quot;, expected: False)" computerName="fcbf8f2d9f83" duration="00:00:00.0000788" startTime="2025-04-22T15:20:17.9778229+00:00" endTime="2025-04-22T15:20:17.9778734+00:00" testType="13cdc9d9-ddb5-4fa4-a97d-d965ccfc6d4b" outcome="Passed" testListId="8c84fa94-04c1-424b-9868-57a2d4851a1d" relativeResultsDirectory="ac30a57a-46f7-4578-95fc-6366824be6c9" />
    <UnitTestResult executionId="e1d44164-9f96-4f77-b863-e0f6fb2c9109" testId="7883ee67-d0b5-5bf1-09ff-44ace62c9884" testName="Servicos.CalculoImposto.Application.Tests.Notifications.PedidoTributadoSalvoEvents.CachearPedidoResponseHandlerTests.Handle_DeveDefinirTempoDeCacheCorreto" computerName="fcbf8f2d9f83" duration="00:00:00.0061813" startTime="2025-04-22T15:20:17.9947818+00:00" endTime="2025-04-22T15:20:17.9996383+00:00" testType="13cdc9d9-ddb5-4fa4-a97d-d965ccfc6d4b" outcome="Passed" testListId="8c84fa94-04c1-424b-9868-57a2d4851a1d" relativeResultsDirectory="e1d44164-9f96-4f77-b863-e0f6fb2c9109" />
    <UnitTestResult executionId="6dbb56d8-48c3-405f-81a4-6f55cda7c48f" testId="8122f598-3fae-cc8d-7edc-a34b573ace06" testName="Servicos.CalculoImposto.Core.Tests.Entities.OutboxMessageTests.SetarComoProcessado_DeveAtualizarStatusEData" computerName="fcbf8f2d9f83" duration="00:00:00.0027061" startTime="2025-04-22T15:20:17.9305529+00:00" endTime="2025-04-22T15:20:17.9308246+00:00" testType="13cdc9d9-ddb5-4fa4-a97d-d965ccfc6d4b" outcome="Passed" testListId="8c84fa94-04c1-424b-9868-57a2d4851a1d" relativeResultsDirectory="6dbb56d8-48c3-405f-81a4-6f55cda7c48f" />
    <UnitTestResult executionId="3f8df1c5-2249-450d-9ae3-552616c58136" testId="213d39a2-f9a9-c874-f183-ebba31b76d32" testName="Servicos.CalculoImposto.Application.Tests.UseCases.CalcularImpostos.CalcularImpostoResponseTests.Record_DeveTerIgualdadePorValor" computerName="fcbf8f2d9f83" duration="00:00:00.0024142" startTime="2025-04-22T15:20:17.9490391+00:00" endTime="2025-04-22T15:20:17.9510738+00:00" testType="13cdc9d9-ddb5-4fa4-a97d-d965ccfc6d4b" outcome="Passed" testListId="8c84fa94-04c1-424b-9868-57a2d4851a1d" relativeResultsDirectory="3f8df1c5-2249-450d-9ae3-552616c58136" />
[...]
    <TestEntry testId="7e575239-f871-d410-61f4-af0314782bb8" executionId="fef851e3-8b22-4a66-a29f-921dc68671cd" testListId="8c84fa94-04c1-424b-9868-57a2d4851a1d" />
    <TestEntry testId="fe9f2823-10aa-0ab4-3289-2eb3d09a2612" executionId="52db991c-4577-4e2a-a745-069c19a31b28" testListId="8c84fa94-04c1-424b-9868-57a2d4851a1d" />
    <TestEntry testId="63a87707-c32b-7b5e-d561-e8d84f4fbba6" executionId="d15edc1d-3b76-4df7-8c9a-ba1fbb6a6a3c" testListId="8c84fa94-04c1-424b-9868-57a2d4851a1d" />
    <TestEntry testId="093ffe5f-056a-97b5-8140-2ad7ffab926d" executionId="e162e076-b9cd-4f19-8b19-35c0e39dc962" testListId="8c84fa94-04c1-424b-9868-57a2d4851a1d" />
    <TestEntry testId="46a993f2-0e97-e76c-b455-d79f48d97204" executionId="09cbf0ee-2554-49ac-ac08-10054c42e317" testListId="8c84fa94-04c1-424b-9868-57a2d4851a1d" />
    <TestEntry testId="94021352-0bfb-7c87-7ba1-3db359cd680a" executionId="9036fdc8-0fc6-4dc5-a4ae-9efef6b24740" testListId="8c84fa94-04c1-424b-9868-57a2d4851a1d" />
    <TestEntry testId="2d5fe8e0-2177-5dc2-68e9-882d13a82ab5" executionId="bfe7688d-806a-4c60-9d23-4a22ff896896" testListId="8c84fa94-04c1-424b-9868-57a2d4851a1d" />
    <TestEntry testId="1ba88d42-2e5e-638f-3892-c81f5a37a1f0" executionId="6c6ba58c-dfa0-4d2c-8964-b6737978f482" testListId="8c84fa94-04c1-424b-9868-57a2d4851a1d" />
    <TestEntry testId="aa8cc34b-d34a-7cf8-4f13-680d162a5831" executionId="9ba555df-0d28-4533-ad3c-2a3f9d602de4" testListId="8c84fa94-04c1-424b-9868-57a2d4851a1d" />
    <TestEntry testId="a1fb027e-2dfb-a289-fee7-2605a147d1a7" executionId="597cf4e9-0114-4b62-b534-50d57700fdc0" testListId="8c84fa94-04c1-424b-9868-57a2d4851a1d" />
    <TestEntry testId="cf1e05b7-2efd-be12-96f1-73f0397e8116" executionId="e72a9ff2-1126-477d-abf6-5060a8759f38" testListId="8c84fa94-04c1-424b-9868-57a2d4851a1d" />
    <TestEntry testId="3d02d507-ff4c-2cee-6071-8839484e6d16" executionId="dd359491-8625-4259-9034-0b01fd24ec37" testListId="8c84fa94-04c1-424b-9868-57a2d4851a1d" />
    <TestEntry testId="22241d9e-28ed-1152-a6d0-65610320271c" executionId="901febbd-68b0-4efb-8b37-656b46961423" testListId="8c84fa94-04c1-424b-9868-57a2d4851a1d" />
    <TestEntry testId="fb5928c9-04b5-12b0-c54b-77d37add678d" executionId="c0a69c7f-adcc-458f-8d76-fceeb562eb03" testListId="8c84fa94-04c1-424b-9868-57a2d4851a1d" />
    <TestEntry testId="aa3a1c6f-3d45-53ed-0f2c-412528c88158" executionId="15cc68aa-8cf7-4296-b62b-43322bccffea" testListId="8c84fa94-04c1-424b-9868-57a2d4851a1d" />
    <TestEntry testId="747f441a-9f4f-3ca1-575a-593fdb069d04" executionId="2281ece6-a111-4e54-9094-4635f1dffe45" testListId="8c84fa94-04c1-424b-9868-57a2d4851a1d" />
    <TestEntry testId="b84e000b-4fd4-46ad-7b34-708b45e51e3e" executionId="3a8bdcc1-fd31-4c69-809f-288434ef33d4" testListId="8c84fa94-04c1-424b-9868-57a2d4851a1d" />
    <TestEntry testId="c250e699-bb99-619c-4f53-99ac3bdff838" executionId="5a01ddf6-f54b-448f-b482-5ee1cf580d28" testListId="8c84fa94-04c1-424b-9868-57a2d4851a1d" />
    <TestEntry testId="a2b91cb2-186e-d9be-ac90-9b91d104a85a" executionId="7a4e35a3-aa8e-495b-ac8f-93471e95a802" testListId="8c84fa94-04c1-424b-9868-57a2d4851a1d" />
    <TestEntry testId="5a75963e-5e16-35ec-df93-b7f6852cca2d" executionId="2a594534-dcb8-4e4a-9945-c590de6b820d" testListId="8c84fa94-04c1-424b-9868-57a2d4851a1d" />
    <TestEntry testId="8c47e55e-7e21-328c-4d20-e6c18bcff11f" executionId="5bf5cd13-60a4-4e83-8832-ae36a96a2b14" testListId="8c84fa94-04c1-424b-9868-57a2d4851a1d" />
    <TestEntry testId="3103224e-98a6-1d8b-3a13-7b5f1d8a731a" executionId="f5b5cd62-6700-4f0e-ad16-3ef9ac78e767" testListId="8c84fa94-04c1-424b-9868-57a2d4851a1d" />
    <TestEntry testId="13bc05e4-9453-bb22-a480-5c04c867eef1" executionId="13e142fd-9a5b-4c57-a4b2-4082c308aa5f" testListId="8c84fa94-04c1-424b-9868-57a2d4851a1d" />
    <TestEntry testId="7fb143db-a0eb-b824-bbfe-f0ba2dc215d9" executionId="b72e6532-1346-4886-bc43-8c11f0ac0e37" testListId="8c84fa94-04c1-424b-9868-57a2d4851a1d" />
    <TestEntry testId="ee5867cd-3865-cd2b-9a28-2cba597bb834" executionId="158ab662-85be-4e14-8616-4cca7c5f6087" testListId="8c84fa94-04c1-424b-9868-57a2d4851a1d" />
    <TestEntry testId="1e187761-803f-d9e3-4822-13ead05b3f67" executionId="487972d8-40c7-4f2f-9319-3dd010495e1d" testListId="8c84fa94-04c1-424b-9868-57a2d4851a1d" />
    <TestEntry testId="2c67628e-ff3d-9e81-46f4-739a79f70a76" executionId="88affa7e-6480-4cf1-a2b7-bf168eaddcd9" testListId="8c84fa94-04c1-424b-9868-57a2d4851a1d" />
    <TestEntry testId="3667ad01-1186-15cf-9f51-eccd1bbeff45" executionId="ce4bf7b9-7db2-4813-a320-e062e9ea91f3" testListId="8c84fa94-04c1-424b-9868-57a2d4851a1d" />
    <TestEntry testId="0e67f03b-ed3a-2dae-2589-759ec5a2d9aa" executionId="4679106d-2119-4e55-8b19-672b7562ae8b" testListId="8c84fa94-04c1-424b-9868-57a2d4851a1d" />
    <TestEntry testId="7c8134b9-ceac-5319-2a97-eb63194f4a1f" executionId="094a6176-9ed9-426c-9ae6-7174f83220dc" testListId="8c84fa94-04c1-424b-9868-57a2d4851a1d" />
    <TestEntry testId="992194cc-c8aa-cb8a-9fa7-88ddd14b4f3b" executionId="b23217e8-11b5-4ad1-9842-67607f377ef7" testListId="8c84fa94-04c1-424b-9868-57a2d4851a1d" />
    <TestEntry testId="5d2ebf93-78b8-6a8c-c145-f8d0629e797f" executionId="4e944ff2-b274-4258-8648-52c14ffa9939" testListId="8c84fa94-04c1-424b-9868-57a2d4851a1d" />
    <TestEntry testId="0d3ce4b6-b515-f434-e175-5358003cce83" executionId="52f43ecc-ce36-407c-b291-71da954b45ca" testListId="8c84fa94-04c1-424b-9868-57a2d4851a1d" />
    <TestEntry testId="1ffe9d18-9c6a-cd4d-7cd9-f5c3401bcbc1" executionId="977347e4-0d8f-45d3-9834-ef22a7e2f752" testListId="8c84fa94-04c1-424b-9868-57a2d4851a1d" />
    <TestEntry testId="dc2c57ab-c1a5-33ef-9955-491dbfcb567a" executionId="c7725c07-1716-47c7-bb13-1f48f82927c9" testListId="8c84fa94-04c1-424b-9868-57a2d4851a1d" />
    <TestEntry testId="a2381eec-8a1d-8187-8cc9-00278bc2d68a" executionId="6469395d-9055-4d9c-92ac-25c6745b5ad6" testListId="8c84fa94-04c1-424b-9868-57a2d4851a1d" />
    <TestEntry testId="57fc1ccd-d759-c2c4-44c5-dead2ec75820" executionId="34d72397-0554-40cc-bf12-3abf053576ab" testListId="8c84fa94-04c1-424b-9868-57a2d4851a1d" />
    <TestEntry testId="a65195af-8cf7-4dfa-50de-66440cc9670e" executionId="9daab2e7-de11-4392-8e5b-de070ffd1742" testListId="8c84fa94-04c1-424b-9868-57a2d4851a1d" />
    <TestEntry testId="bc5a5b8f-ae6f-3e3f-abb0-e827b8a5bafc" executionId="efccca62-c365-4a5f-899a-b7fc752eaab9" testListId="8c84fa94-04c1-424b-9868-57a2d4851a1d" />
    <TestEntry testId="4f8960de-010a-b6db-a56c-5815906ea483" executionId="dce74818-d38f-44b4-b21b-243d4ce07253" testListId="8c84fa94-04c1-424b-9868-57a2d4851a1d" />
    <TestEntry testId="9bf9125d-74c3-5dfd-857f-19f4149c943f" executionId="d3778d32-e61d-4177-bccb-36d7d7bf331f" testListId="8c84fa94-04c1-424b-9868-57a2d4851a1d" />
    <TestEntry testId="9f1ba8ab-2ba0-3db9-4baf-6571122ded29" executionId="1d448833-a799-45b1-a2ed-1600f9a70cfa" testListId="8c84fa94-04c1-424b-9868-57a2d4851a1d" />
    <TestEntry testId="1cfcbd73-3766-0772-6601-fda8b7b21ac2" executionId="7ca7bb5f-62f2-49ee-9e96-e79a8b1a52af" testListId="8c84fa94-04c1-424b-9868-57a2d4851a1d" />
    <TestEntry testId="44625cf9-2b94-56e4-a7fd-36ec60fa3b14" executionId="a1b5206f-e95e-45b6-8ff0-842dc7d0b0b6" testListId="8c84fa94-04c1-424b-9868-57a2d4851a1d" />
    <TestEntry testId="4ceb2d4a-866e-5e11-17e8-56bd1c100471" executionId="5b4b4104-1f07-443e-9a81-9f7be9456bc3" testListId="8c84fa94-04c1-424b-9868-57a2d4851a1d" />
    <TestEntry testId="3453efa5-22f7-376d-5941-dabf6e9ad084" executionId="883b5da8-861b-4cf0-af44-4bf65528543f" testListId="8c84fa94-04c1-424b-9868-57a2d4851a1d" />
    <TestEntry testId="e7a72748-126e-f055-01ea-3141dd876877" executionId="65009f48-89c1-48c8-bcbe-848e23386272" testListId="8c84fa94-04c1-424b-9868-57a2d4851a1d" />
    <TestEntry testId="4474bacf-3d37-3127-64fc-659eadb0fb69" executionId="893660dd-d98c-4c36-ac23-2a6d57ed9d3f" testListId="8c84fa94-04c1-424b-9868-57a2d4851a1d" />
    <TestEntry testId="ee12e7c2-0297-14ac-4c6b-b9d6045796a3" executionId="82352a81-3925-4435-bc12-a415eee7d83d" testListId="8c84fa94-04c1-424b-9868-57a2d4851a1d" />
    <TestEntry testId="a3df2962-cb2e-c362-b923-50a3fa4517ba" executionId="d87c03ca-2493-4913-ac5f-bbc8c888bd17" testListId="8c84fa94-04c1-424b-9868-57a2d4851a1d" />
    <TestEntry testId="bb130d3f-c409-ed84-d14e-54d58bf4e975" executionId="1d49244f-4d1a-4d86-8a01-02692e5e3c01" testListId="8c84fa94-04c1-424b-9868-57a2d4851a1d" />
    <TestEntry testId="71760c2c-33e3-a8be-9519-b064e0ddb768" executionId="2caeb30b-8821-4711-83d8-162b8bc3f632" testListId="8c84fa94-04c1-424b-9868-57a2d4851a1d" />
    <TestEntry testId="9d68a07d-9def-8a79-b7da-34fa3e969bd0" executionId="dd434d5b-32f4-4a02-84b0-ccf33e4ab04b" testListId="8c84fa94-04c1-424b-9868-57a2d4851a1d" />
    <TestEntry testId="cfcf8e79-9df9-8ee5-7273-6e03ce52a992" executionId="d90fd687-51cc-41f4-8ba9-14a81388dd2b" testListId="8c84fa94-04c1-424b-9868-57a2d4851a1d" />
    <TestEntry testId="7c13067b-7276-a49e-41bf-a5f2d792c9a4" executionId="f13db12b-b6d5-4737-8193-3e0107b255d1" testListId="8c84fa94-04c1-424b-9868-57a2d4851a1d" />
    <TestEntry testId="dc9e2a2f-6260-1995-2889-b3f2862ce59e" executionId="7214443d-e891-4f17-8601-1ad366b4ab9c" testListId="8c84fa94-04c1-424b-9868-57a2d4851a1d" />
    <TestEntry testId="aa5ac9c3-fff8-fee9-7f4c-05017c26880c" executionId="23cf485f-d41a-47d2-a0ba-88e4c123a6a0" testListId="8c84fa94-04c1-424b-9868-57a2d4851a1d" />
    <TestEntry testId="a55f1489-8904-2023-0c9c-0b45f3dedbf3" executionId="42c2fdad-05f2-426f-8f67-a488dd2d6abe" testListId="8c84fa94-04c1-424b-9868-57a2d4851a1d" />
    <TestEntry testId="d019115a-d031-3164-d7ee-4b3663262540" executionId="7f4f71a1-5f85-418e-b360-c843104dbd3e" testListId="8c84fa94-04c1-424b-9868-57a2d4851a1d" />
    <TestEntry testId="882cf64e-636d-5ba8-2f6e-4a706d855805" executionId="58768eb4-9781-4985-8db5-c01a605ad773" testListId="8c84fa94-04c1-424b-9868-57a2d4851a1d" />
    <TestEntry testId="1fca59fa-a1b3-b7e9-5d23-3f8ab398f13f" executionId="04fc6749-5004-49b1-a43c-bf543d0c2a81" testListId="8c84fa94-04c1-424b-9868-57a2d4851a1d" />
    <TestEntry testId="a9aca0e8-41e6-5fd2-6de7-4aff2da6b5ef" executionId="4f7a1cb3-537e-4714-8994-054d6986c955" testListId="8c84fa94-04c1-424b-9868-57a2d4851a1d" />
    <TestEntry testId="485392c1-c390-7351-c4b2-11b82b252305" executionId="29325b37-3f0a-41f5-8445-d743a5f2434b" testListId="8c84fa94-04c1-424b-9868-57a2d4851a1d" />
    <TestEntry testId="5f25646b-3042-cbfd-cafa-f7e80ba6afb2" executionId="3c0ef622-595a-4a4d-a334-1352417fef16" testListId="8c84fa94-04c1-424b-9868-57a2d4851a1d" />
    <TestEntry testId="229030af-178d-89eb-8e4a-f21ef43265a7" executionId="072ea5ca-df0c-46d2-b8d7-a2fb41df34be" testListId="8c84fa94-04c1-424b-9868-57a2d4851a1d" />
    <TestEntry testId="9215dc92-875d-2af6-d596-5ccf4d12a1a2" executionId="e7557c08-ec48-4feb-94fb-695d8b561938" testListId="8c84fa94-04c1-424b-9868-57a2d4851a1d" />
    <TestEntry testId="014a2805-f165-df5d-5774-1b5cd070a4e6" executionId="8dfcdac0-7f46-4094-b4bc-635b1963f17b" testListId="8c84fa94-04c1-424b-9868-57a2d4851a1d" />
    <TestEntry testId="8af4de82-9325-9184-164f-40b591a6ab49" executionId="99d62718-6191-45ce-b732-346bce6a1b50" testListId="8c84fa94-04c1-424b-9868-57a2d4851a1d" />
    <TestEntry testId="ddb4b07b-8650-776d-dc1d-9ade40d881b5" executionId="9be04081-ebe2-4a94-ba09-cdde64e7264f" testListId="8c84fa94-04c1-424b-9868-57a2d4851a1d" />
    <TestEntry testId="b9eac52a-1ac5-4f8d-dd3f-abde61c1755c" executionId="edcdb172-e04e-44dc-8a9a-fde4aca62aa2" testListId="8c84fa94-04c1-424b-9868-57a2d4851a1d" />
    <TestEntry testId="c74145a0-3df7-0f77-17d4-9e3254f0b86f" executionId="b80203e7-27af-485f-b87d-ab8063864a5b" testListId="8c84fa94-04c1-424b-9868-57a2d4851a1d" />
    <TestEntry testId="3530a1cf-7cb6-654f-2b16-94cde46e166b" executionId="53e68b1a-f46d-4f28-92b2-ad224500ec03" testListId="8c84fa94-04c1-424b-9868-57a2d4851a1d" />
    <TestEntry testId="55e99036-f08d-0b91-0422-adcde7382241" executionId="21a456ae-94b8-4798-b75d-59bc8bab27a0" testListId="8c84fa94-04c1-424b-9868-57a2d4851a1d" />
    <TestEntry testId="7fe5e40b-7ead-9739-bf6c-2f2d91819c10" executionId="79575025-83ad-4957-8b9e-02b5696c27cb" testListId="8c84fa94-04c1-424b-9868-57a2d4851a1d" />
    <TestEntry testId="1d887729-89da-7dc4-c11d-4fb6fedbd484" executionId="9b5e3206-e28c-4385-b7d7-512cecedbc9d" testListId="8c84fa94-04c1-424b-9868-57a2d4851a1d" />
    <TestEntry testId="aa30d396-cfd7-2e1e-2533-58697254cd1e" executionId="7755c95d-1a42-4397-a116-4ad6c06f3b29" testListId="8c84fa94-04c1-424b-9868-57a2d4851a1d" />
    <TestEntry testId="cf66b0b8-a7ca-d41c-ae62-5ba4f771cb6d" executionId="2271dd54-38d2-43d5-9ea8-095e36f4327d" testListId="8c84fa94-04c1-424b-9868-57a2d4851a1d" />
    <TestEntry testId="457b90c6-010e-4eeb-c0bd-a5c907dd092b" executionId="9ad29f0a-de36-4c41-921c-499ffa682ab0" testListId="8c84fa94-04c1-424b-9868-57a2d4851a1d" />
    <TestEntry testId="98507bfc-0147-467c-04e3-b2845aeea176" executionId="780b8fe8-2636-4bb0-b49d-31929a159274" testListId="8c84fa94-04c1-424b-9868-57a2d4851a1d" />
    <TestEntry testId="c087fb45-9c53-6e38-d643-2ce411a68047" executionId="9d885f25-0e46-4e08-a727-717f02265eca" testListId="8c84fa94-04c1-424b-9868-57a2d4851a1d" />
    <TestEntry testId="036dcf9f-c8d1-c005-76ac-203e5f285a04" executionId="56617ba4-73a2-420e-8ff3-e37dc619b433" testListId="8c84fa94-04c1-424b-9868-57a2d4851a1d" />
    <TestEntry testId="1f253a90-9370-71d0-af47-f6c6e99648fa" executionId="6dab3533-9845-432f-b614-5d4becc87636" testListId="8c84fa94-04c1-424b-9868-57a2d4851a1d" />
    <TestEntry testId="0fc06239-bea2-9c2f-1486-5ae52ec1e66f" executionId="cfe6e1c8-57e2-4f8a-ba1e-565b382de5e1" testListId="8c84fa94-04c1-424b-9868-57a2d4851a1d" />
    <TestEntry testId="be48dade-9e55-0980-c896-85a76221cc4e" executionId="7fdbfee3-8502-433e-bd02-27b020355a5d" testListId="8c84fa94-04c1-424b-9868-57a2d4851a1d" />
    <TestEntry testId="df720706-bf0e-2a6a-c1a4-4c091ceb62cd" executionId="e8b00816-dcba-4642-89e2-d633217ed837" testListId="8c84fa94-04c1-424b-9868-57a2d4851a1d" />
    <TestEntry testId="0024c29b-06d8-da9b-d5cf-52b124e8e1da" executionId="e0d6e41c-4355-47ec-8459-70ce7e439367" testListId="8c84fa94-04c1-424b-9868-57a2d4851a1d" />
    <TestEntry testId="fb88f601-bca1-70b8-12be-bce74d2fd7b1" executionId="810ac95c-019a-4aad-9afd-eaec1148c5fb" testListId="8c84fa94-04c1-424b-9868-57a2d4851a1d" />
    <TestEntry testId="10f9e030-adf4-bc98-563f-139557f849a6" executionId="b3bca908-018c-4b9e-9c51-cbbf3dd5eca2" testListId="8c84fa94-04c1-424b-9868-57a2d4851a1d" />
    <TestEntry testId="64c1322d-a720-778d-b176-d48b9e548c8c" executionId="9367a1fc-47d7-4d71-9419-0b1ffc5424aa" testListId="8c84fa94-04c1-424b-9868-57a2d4851a1d" />
    <TestEntry testId="9da7e4e1-ecd9-6777-8c2a-fd7860302889" executionId="cc55e22e-3ac8-4ede-85ea-0b4507b560a9" testListId="8c84fa94-04c1-424b-9868-57a2d4851a1d" />
    <TestEntry testId="a45bff53-43ef-92de-71e3-57e321896f79" executionId="ac30a57a-46f7-4578-95fc-6366824be6c9" testListId="8c84fa94-04c1-424b-9868-57a2d4851a1d" />
    <TestEntry testId="7883ee67-d0b5-5bf1-09ff-44ace62c9884" executionId="e1d44164-9f96-4f77-b863-e0f6fb2c9109" testListId="8c84fa94-04c1-424b-9868-57a2d4851a1d" />
    <TestEntry testId="8122f598-3fae-cc8d-7edc-a34b573ace06" executionId="6dbb56d8-48c3-405f-81a4-6f55cda7c48f" testListId="8c84fa94-04c1-424b-9868-57a2d4851a1d" />
    <TestEntry testId="213d39a2-f9a9-c874-f183-ebba31b76d32" executionId="3f8df1c5-2249-450d-9ae3-552616c58136" testListId="8c84fa94-04c1-424b-9868-57a2d4851a1d" />
    <TestEntry testId="391077b4-89b6-634d-76a5-9905da962133" executionId="5e93e45a-b094-41d9-8275-fd661e0969c1" testListId="8c84fa94-04c1-424b-9868-57a2d4851a1d" />
    <TestEntry testId="a68e08cf-bd00-3534-3b46-ec51d5b49d83" executionId="6566e25b-aa28-4dd5-8060-47c442a8cbf2" testListId="8c84fa94-04c1-424b-9868-57a2d4851a1d" />
    <TestEntry testId="9f00e501-d1fc-3fa6-5c98-3db95028a6a7" executionId="9e759e05-eba4-44c7-bec5-df93fcaf0d38" testListId="8c84fa94-04c1-424b-9868-57a2d4851a1d" />
    <TestEntry testId="45c3a6fe-917a-5616-9532-04e42cad6be9" executionId="fe76f09e-3552-4723-85bb-897e72244435" testListId="8c84fa94-04c1-424b-9868-57a2d4851a1d" />
    <TestEntry testId="82cf7e2a-53a7-6636-b3d3-d17a2bf18da6" executionId="e85add14-ad7f-4e19-b324-2f2d7e623b83" testListId="8c84fa94-04c1-424b-9868-57a2d4851a1d" />
    <TestEntry testId="7f940709-ac28-16f9-53b3-69674c7588d8" executionId="76200a3b-07cc-4094-8162-95f7d4709ea8" testListId="8c84fa94-04c1-424b-9868-57a2d4851a1d" />
    <TestEntry testId="83ef0c66-1286-9091-9158-723d47c0daba" executionId="e367c56a-f271-4cbb-81a0-ea63457e638b" testListId="8c84fa94-04c1-424b-9868-57a2d4851a1d" />
    <TestEntry testId="503b4de8-9092-80cc-2d00-d824f6cc1aa5" executionId="d32d9e9a-86c8-4cc6-82e3-c64daa6ec280" testListId="8c84fa94-04c1-424b-9868-57a2d4851a1d" />
    <TestEntry testId="d29a4506-4f3a-29cf-27e1-e99657dc73cd" executionId="8a8d0f48-db26-41f0-84a7-46f28d2d9e1a" testListId="8c84fa94-04c1-424b-9868-57a2d4851a1d" />
  </TestEntries>
  <TestLists>
    <TestList name="Results Not in a List" id="8c84fa94-04c1-424b-9868-57a2d4851a1d" />
    <TestList name="All Loaded Results" id="19431567-8539-422a-85d7-44ee4e166bda" />
  </TestLists>
  <ResultSummary outcome="Completed">
    <Counters total="142" executed="142" passed="142" failed="0" error="0" timeout="0" aborted="0" inconclusive="0" passedButRunAborted="0" notRunnable="0" notExecuted="0" disconnected="0" warning="0" completed="0" inProgress="0" pending="0" />
    <Output>
      <StdOut>[xUnit.net 00:00:00.00] xUnit.net VSTest Adapter v3.0.2+dd36e86129 (64-bit .NET 9.0.4)
[xUnit.net 00:00:00.31]   Discovering: Servicos.CalculoImposto.UnitTests
[xUnit.net 00:00:00.34]   Discovered:  Servicos.CalculoImposto.UnitTests
[xUnit.net 00:00:00.37]   Starting:    Servicos.CalculoImposto.UnitTests
     Warning:
     The component "Fluent Assertions" is governed by the rules defined in the Xceed License Agreement and
     the Xceed Fluent Assertions Community License. You may use Fluent Assertions free of charge for
     non-commercial use only. An active subscription is required to use Fluent Assertions for commercial use.
     Please contact Xceed Sales mailto:sales@xceed.com to acquire a subscription at a very low cost.
     A paid commercial license supports the development and continued increasing support of
     Fluent Assertions users under both commercial and community licenses. Help us
     keep Fluent Assertions at the forefront of unit testing.
     For more information, visit https://xceed.com/products/unit-testing/fluent-assertions/
System.Exception: Erro simulado
   at NSubstitute.ExceptionExtensions.ExceptionExtensions.&lt;&gt;c__DisplayClass0_0.&lt;Throws&gt;b__0(CallInfo _)
   at NSubstitute.Core.ReturnValueFromFunc`1.ReturnFor(CallInfo info)
   at NSubstitute.Core.CallResults.ResultForCallSpec.GetResult(ICall call, ICallInfoFactory callInfoFactory)
   at NSubstitute.Core.CallResults.TryGetResult(ICall call, Object&amp; result)
   at NSubstitute.Routing.Handlers.ReturnConfiguredResultHandler.Handle(ICall call)
   at NSubstitute.Routing.Route.Handle(ICall call)
   at NSubstitute.Core.CallRouter.Route(ICall call)
   at NSubstitute.Proxies.CastleDynamicProxy.CastleForwardingInterceptor.Intercept(IInvocation invocation)
   at Castle.DynamicProxy.AbstractInvocation.Proceed()
   at NSubstitute.Proxies.CastleDynamicProxy.ProxyIdInterceptor.Intercept(IInvocation invocation)
   at Castle.DynamicProxy.AbstractInvocation.Proceed()
   at Castle.Proxies.ObjectProxy_12.PublishAsync(OutboxMessage message)
   at Servicos.CalculoImposto.Infra.Hangfire.Jobs.ProcessarOutboxJob.Executar() in C:\Users\Grego\source\repos\GregoryGuanabara\Choppz\src\Choppz.Servicos.CalculoImposto\Servicos.CalculoImposto.Infra\Hangfire\Jobs\ProcessarOutboxJob.cs:line 35
[xUnit.net 00:00:01.14]   Finished:    Servicos.CalculoImposto.UnitTests
</StdOut>
    </Output>
  </ResultSummary>
</TestRun>